#
# A fatal error has been detected by the Java Runtime Environment:
#
#  EXCEPTION_ACCESS_VIOLATION (0xc0000005) at pc=0x0000018027d29ee5, pid=10192, tid=9596
#
# JRE version: OpenJDK Runtime Environment (11.0.10) (build 11.0.10+0-b96-7249189)
# Java VM: OpenJDK 64-Bit Server VM (11.0.10+0-b96-7249189, mixed mode, tiered, compressed oops, g1 gc, windows-amd64)
# Problematic frame:
# C  0x0000018027d29ee5
#
# No core dump will be written. Minidumps are not enabled by default on client versions of Windows
#
# If you would like to submit a bug report, please visit:
#   https://bugreport.java.com/bugreport/crash.jsp
#

---------------  S U M M A R Y ------------

Command Line: --add-opens=java.base/java.util=ALL-UNNAMED --add-opens=java.base/java.lang=ALL-UNNAMED --add-opens=java.base/java.lang.invoke=ALL-UNNAMED --add-opens=java.base/java.util=ALL-UNNAMED --add-opens=java.prefs/java.util.prefs=ALL-UNNAMED --add-opens=java.prefs/java.util.prefs=ALL-UNNAMED --add-opens=java.base/java.nio.charset=ALL-UNNAMED --add-opens=java.base/java.net=ALL-UNNAMED --add-opens=java.base/java.util.concurrent.atomic=ALL-UNNAMED -Xmx2048m -Dfile.encoding=UTF-8 -Duser.country=US -Duser.language=en -Duser.variant org.gradle.launcher.daemon.bootstrap.GradleDaemon 7.0.2

Host: Intel(R) Celeron(R) N4000 CPU @ 1.10GHz, 2 cores, 3G,  Windows 10 , 64 bit Build 19041 (10.0.19041.1202)
Time: Mon Nov  1 18:24:07 2021 Eastern Daylight Time elapsed time: 70.918883 seconds (0d 0h 1m 10s)

---------------  T H R E A D  ---------------

Current thread (0x0000017ff3e00000):  JavaThread "Daemon worker" [_thread_in_Java, id=9596, stack(0x000000228e500000,0x000000228e600000)]

Stack: [0x000000228e500000,0x000000228e600000],  sp=0x000000228e5f95b8,  free space=997k
Native frames: (J=compiled Java code, j=interpreted, Vv=VM code, C=native code)
C  0x0000018027d29ee5


siginfo: EXCEPTION_ACCESS_VIOLATION (0xc0000005), data execution prevention violation at address 0x0000018027d29ee5


Register to memory mapping:

RIP=0x0000018027d29ee5 is an unknown value
RAX=0x0000000084184f08 is an oop: java.io.File 
{0x0000000084184f08} - klass: 'java/io/File'
RBX=0x0 is NULL
RCX=0x0000000000000004 is an unknown value
RDX=0x000000228e5f9560 is pointing into the stack for thread: 0x0000017ff3e00000
RSP=0x000000228e5f95b8 is pointing into the stack for thread: 0x0000017ff3e00000
RBP=0x000000228e5f9608 is pointing into the stack for thread: 0x0000017ff3e00000
RSI=0x000000000000000c is an unknown value
RDI=0x0000000000000073 is an unknown value
R8 =0x0 is NULL
R9 =0x00000000807aa080 is an oop: java.lang.Class 
{0x00000000807aa080} - klass: 'java/lang/Class'
R10=0x00007ffa91d4743a jvm.dll
R11=0x0000017fe37fe5e0 is at entry_point+32 in (nmethod*)0x0000017fe37fe410
R12=0x0 is NULL
R13=0x0000017ff6f48dfb is pointing into metadata
R14=0x000000228e5f9630 is pointing into the stack for thread: 0x0000017ff3e00000
R15=0x0000017ff3e00000 is a thread


Registers:
RAX=0x0000000084184f08, RBX=0x0000000000000000, RCX=0x0000000000000004, RDX=0x000000228e5f9560
RSP=0x000000228e5f95b8, RBP=0x000000228e5f9608, RSI=0x000000000000000c, RDI=0x0000000000000073
R8 =0x0000000000000000, R9 =0x00000000807aa080, R10=0x00007ffa91d4743a, R11=0x0000017fe37fe5e0
R12=0x0000000000000000, R13=0x0000017ff6f48dfb, R14=0x000000228e5f9630, R15=0x0000017ff3e00000
RIP=0x0000018027d29ee5, EFLAGS=0x0000000000010246

Top of Stack: (sp=0x000000228e5f95b8)
0x000000228e5f95b8:   0000000084182638 000000228e5f95c0
0x000000228e5f95c8:   0000017ff6f48dfb 000000228e5f9630
0x000000228e5f95d8:   0000017ff6f48f90 0000000000000000
0x000000228e5f95e8:   0000000081bf1dc0 0000017ff6f48e70
0x000000228e5f95f8:   0000000000000000 000000228e5f9628
0x000000228e5f9608:   000000228e5f9680 0000017fdbd29e40
0x000000228e5f9618:   0000000000000000 000000008ecfea80
0x000000228e5f9628:   000000008466f020 0000000084182638
0x000000228e5f9638:   000000228e5f9638 0000017ff5b072b2
0x000000228e5f9648:   000000228e5f96a8 0000017ff5b08678
0x000000228e5f9658:   0000000000000000 0000000081c84768
0x000000228e5f9668:   0000017ff5b07300 000000228e5f9628
0x000000228e5f9678:   000000228e5f9698 000000228e5f96f8
0x000000228e5f9688:   0000017fdbd29e40 0000000000000000
0x000000228e5f9698:   0000000081bf2ca8 000000008466f020
0x000000228e5f96a8:   0000000084182638 000000228e5f96b0 

Instructions: (pc=0x0000018027d29ee5)
0x0000018027d29de5:   ?? ?? ?? ?? ?? ?? ?? ?? ?? ?? ?? ?? ?? ?? ?? ??
0x0000018027d29df5:   ?? ?? ?? ?? ?? ?? ?? ?? ?? ?? ?? ?? ?? ?? ?? ??
0x0000018027d29e05:   ?? ?? ?? ?? ?? ?? ?? ?? ?? ?? ?? ?? ?? ?? ?? ??
0x0000018027d29e15:   ?? ?? ?? ?? ?? ?? ?? ?? ?? ?? ?? ?? ?? ?? ?? ??
0x0000018027d29e25:   ?? ?? ?? ?? ?? ?? ?? ?? ?? ?? ?? ?? ?? ?? ?? ??
0x0000018027d29e35:   ?? ?? ?? ?? ?? ?? ?? ?? ?? ?? ?? ?? ?? ?? ?? ??
0x0000018027d29e45:   ?? ?? ?? ?? ?? ?? ?? ?? ?? ?? ?? ?? ?? ?? ?? ??
0x0000018027d29e55:   ?? ?? ?? ?? ?? ?? ?? ?? ?? ?? ?? ?? ?? ?? ?? ??
0x0000018027d29e65:   ?? ?? ?? ?? ?? ?? ?? ?? ?? ?? ?? ?? ?? ?? ?? ??
0x0000018027d29e75:   ?? ?? ?? ?? ?? ?? ?? ?? ?? ?? ?? ?? ?? ?? ?? ??
0x0000018027d29e85:   ?? ?? ?? ?? ?? ?? ?? ?? ?? ?? ?? ?? ?? ?? ?? ??
0x0000018027d29e95:   ?? ?? ?? ?? ?? ?? ?? ?? ?? ?? ?? ?? ?? ?? ?? ??
0x0000018027d29ea5:   ?? ?? ?? ?? ?? ?? ?? ?? ?? ?? ?? ?? ?? ?? ?? ??
0x0000018027d29eb5:   ?? ?? ?? ?? ?? ?? ?? ?? ?? ?? ?? ?? ?? ?? ?? ??
0x0000018027d29ec5:   ?? ?? ?? ?? ?? ?? ?? ?? ?? ?? ?? ?? ?? ?? ?? ??
0x0000018027d29ed5:   ?? ?? ?? ?? ?? ?? ?? ?? ?? ?? ?? ?? ?? ?? ?? ??
0x0000018027d29ee5:   ?? ?? ?? ?? ?? ?? ?? ?? ?? ?? ?? ?? ?? ?? ?? ??
0x0000018027d29ef5:   ?? ?? ?? ?? ?? ?? ?? ?? ?? ?? ?? ?? ?? ?? ?? ??
0x0000018027d29f05:   ?? ?? ?? ?? ?? ?? ?? ?? ?? ?? ?? ?? ?? ?? ?? ??
0x0000018027d29f15:   ?? ?? ?? ?? ?? ?? ?? ?? ?? ?? ?? ?? ?? ?? ?? ??
0x0000018027d29f25:   ?? ?? ?? ?? ?? ?? ?? ?? ?? ?? ?? ?? ?? ?? ?? ??
0x0000018027d29f35:   ?? ?? ?? ?? ?? ?? ?? ?? ?? ?? ?? ?? ?? ?? ?? ??
0x0000018027d29f45:   ?? ?? ?? ?? ?? ?? ?? ?? ?? ?? ?? ?? ?? ?? ?? ??
0x0000018027d29f55:   ?? ?? ?? ?? ?? ?? ?? ?? ?? ?? ?? ?? ?? ?? ?? ??
0x0000018027d29f65:   ?? ?? ?? ?? ?? ?? ?? ?? ?? ?? ?? ?? ?? ?? ?? ??
0x0000018027d29f75:   ?? ?? ?? ?? ?? ?? ?? ?? ?? ?? ?? ?? ?? ?? ?? ??
0x0000018027d29f85:   ?? ?? ?? ?? ?? ?? ?? ?? ?? ?? ?? ?? ?? ?? ?? ??
0x0000018027d29f95:   ?? ?? ?? ?? ?? ?? ?? ?? ?? ?? ?? ?? ?? ?? ?? ??
0x0000018027d29fa5:   ?? ?? ?? ?? ?? ?? ?? ?? ?? ?? ?? ?? ?? ?? ?? ??
0x0000018027d29fb5:   ?? ?? ?? ?? ?? ?? ?? ?? ?? ?? ?? ?? ?? ?? ?? ??
0x0000018027d29fc5:   ?? ?? ?? ?? ?? ?? ?? ?? ?? ?? ?? ?? ?? ?? ?? ??
0x0000018027d29fd5:   ?? ?? ?? ?? ?? ?? ?? ?? ?? ?? ?? ?? ?? ?? ?? ?? 


Stack slot to memory mapping:
stack at sp + 0 slots: 0x0000000084182638 is an oop: org.gradle.api.internal.file.BaseDirFileResolver 
{0x0000000084182638} - klass: 'org/gradle/api/internal/file/BaseDirFileResolver'
stack at sp + 1 slots: 0x000000228e5f95c0 is pointing into the stack for thread: 0x0000017ff3e00000
stack at sp + 2 slots: 0x0000017ff6f48dfb is pointing into metadata
stack at sp + 3 slots: 0x000000228e5f9630 is pointing into the stack for thread: 0x0000017ff3e00000
stack at sp + 4 slots: 0x0000017ff6f48f90 is pointing into metadata
stack at sp + 5 slots: 0x0 is NULL
stack at sp + 6 slots: 0x0000000081bf1dc0 is an oop: java.lang.Class 
{0x0000000081bf1dc0} - klass: 'java/lang/Class'
stack at sp + 7 slots: {method} {0x0000017ff6f48e78} 'doResolve' '(Ljava/lang/Object;)Ljava/io/File;' in 'org/gradle/api/internal/file/AbstractBaseDirFileResolver'


---------------  P R O C E S S  ---------------

Threads class SMR info:
_java_thread_list=0x0000017ff9a2c7a0, length=37, elements={
0x0000017fd822a800, 0x0000017ff18fb800, 0x0000017ff18ff000, 0x0000017ff1957800,
0x0000017ff195a000, 0x0000017ff195b800, 0x0000017ff1961000, 0x0000017ff1968000,
0x0000017ff196c800, 0x0000017ff23c1800, 0x0000017ff3789000, 0x0000017ff3982800,
0x0000017ff3dbb800, 0x0000017ff3dbc000, 0x0000017ff2583800, 0x0000017ff382d800,
0x0000017ff3e00000, 0x0000017ff405d800, 0x0000017ff3152800, 0x0000017ff3153000,
0x0000017ff3154000, 0x0000017ff3155000, 0x0000017ff314f000, 0x0000017ff3150000,
0x0000017ff3155800, 0x0000017ff3151000, 0x0000017ff4310800, 0x0000017ff430c800,
0x0000017ff4310000, 0x0000017ff4311800, 0x0000017ff4312800, 0x0000017ff430d800,
0x0000017ff4318000, 0x0000017ff4319800, 0x0000017ff4315800, 0x0000017ff4319000,
0x0000017ff4317000
}

Java Threads: ( => current thread )
  0x0000017fd822a800 JavaThread "main" [_thread_blocked, id=9948, stack(0x000000228cd00000,0x000000228ce00000)]
  0x0000017ff18fb800 JavaThread "Reference Handler" daemon [_thread_blocked, id=3008, stack(0x000000228d400000,0x000000228d500000)]
  0x0000017ff18ff000 JavaThread "Finalizer" daemon [_thread_blocked, id=3532, stack(0x000000228d500000,0x000000228d600000)]
  0x0000017ff1957800 JavaThread "Signal Dispatcher" daemon [_thread_blocked, id=6112, stack(0x000000228d600000,0x000000228d700000)]
  0x0000017ff195a000 JavaThread "Attach Listener" daemon [_thread_blocked, id=9560, stack(0x000000228d700000,0x000000228d800000)]
  0x0000017ff195b800 JavaThread "Service Thread" daemon [_thread_blocked, id=9420, stack(0x000000228d800000,0x000000228d900000)]
  0x0000017ff1961000 JavaThread "C2 CompilerThread0" daemon [_thread_in_native, id=5464, stack(0x000000228d900000,0x000000228da00000)]
  0x0000017ff1968000 JavaThread "C1 CompilerThread0" daemon [_thread_blocked, id=4772, stack(0x000000228da00000,0x000000228db00000)]
  0x0000017ff196c800 JavaThread "Sweeper thread" daemon [_thread_blocked, id=8052, stack(0x000000228db00000,0x000000228dc00000)]
  0x0000017ff23c1800 JavaThread "Common-Cleaner" daemon [_thread_blocked, id=7736, stack(0x000000228dc00000,0x000000228dd00000)]
  0x0000017ff3789000 JavaThread "Daemon health stats" [_thread_blocked, id=3568, stack(0x000000228df00000,0x000000228e000000)]
  0x0000017ff3982800 JavaThread "Incoming local TCP Connector on port 49851" [_thread_in_native, id=9504, stack(0x000000228e000000,0x000000228e100000)]
  0x0000017ff3dbb800 JavaThread "Daemon" [_thread_blocked, id=9512, stack(0x000000228e100000,0x000000228e200000)]
  0x0000017ff3dbc000 JavaThread "Daemon periodic checks" [_thread_blocked, id=9556, stack(0x000000228e200000,0x000000228e300000)]
  0x0000017ff2583800 JavaThread "Handler for socket connection from /127.0.0.1:49851 to /127.0.0.1:49852" [_thread_in_native, id=9384, stack(0x000000228e300000,0x000000228e400000)]
  0x0000017ff382d800 JavaThread "Cancel handler" [_thread_blocked, id=9508, stack(0x000000228e400000,0x000000228e500000)]
=>0x0000017ff3e00000 JavaThread "Daemon worker" [_thread_in_Java, id=9596, stack(0x000000228e500000,0x000000228e600000)]
  0x0000017ff405d800 JavaThread "Asynchronous log dispatcher for DefaultDaemonConnection: socket connection from /127.0.0.1:49851 to /127.0.0.1:49852" [_thread_blocked, id=5500, stack(0x000000228e600000,0x000000228e700000)]
  0x0000017ff3152800 JavaThread "Daemon client event forwarder" [_thread_blocked, id=9336, stack(0x000000228e800000,0x000000228e900000)]
  0x0000017ff3153000 JavaThread "Cache worker for file hash cache (C:\Users\ibete\.gradle\caches\7.0.2\fileHashes)" [_thread_blocked, id=9708, stack(0x000000228e900000,0x000000228ea00000)]
  0x0000017ff3154000 JavaThread "File lock request listener" [_thread_in_native, id=436, stack(0x000000228ea00000,0x000000228eb00000)]
  0x0000017ff3155000 JavaThread "Cache worker for journal cache (C:\Users\ibete\.gradle\caches\journal-1)" [_thread_blocked, id=5588, stack(0x000000228eb00000,0x000000228ec00000)]
  0x0000017ff314f000 JavaThread "Cache worker for file hash cache (C:\Users\ibete\AndroidStudioProjects\CoffeeDrinkGen\.gradle\7.0.2\fileHashes)" [_thread_blocked, id=6884, stack(0x000000228ec00000,0x000000228ed00000)]
  0x0000017ff3150000 JavaThread "File watcher server" daemon [_thread_in_native, id=5556, stack(0x000000228ed00000,0x000000228ee00000)]
  0x0000017ff3155800 JavaThread "File watcher consumer" daemon [_thread_blocked, id=9636, stack(0x000000228ee00000,0x000000228ef00000)]
  0x0000017ff3151000 JavaThread "jar transforms" [_thread_blocked, id=9624, stack(0x000000228ef00000,0x000000228f000000)]
  0x0000017ff4310800 JavaThread "jar transforms Thread 2" [_thread_blocked, id=5592, stack(0x000000228f000000,0x000000228f100000)]
  0x0000017ff430c800 JavaThread "Cache worker for checksums cache (C:\Users\ibete\AndroidStudioProjects\CoffeeDrinkGen\.gradle\checksums)" [_thread_blocked, id=1868, stack(0x000000228f100000,0x000000228f200000)]
  0x0000017ff4310000 JavaThread "Cache worker for cache directory md-supplier (C:\Users\ibete\.gradle\caches\7.0.2\md-supplier)" [_thread_blocked, id=936, stack(0x000000228f200000,0x000000228f300000)]
  0x0000017ff4311800 JavaThread "Cache worker for cache directory md-rule (C:\Users\ibete\.gradle\caches\7.0.2\md-rule)" [_thread_blocked, id=1924, stack(0x000000228f300000,0x000000228f400000)]
  0x0000017ff4312800 JavaThread "Cache worker for execution history cache (C:\Users\ibete\.gradle\caches\7.0.2\executionHistory)" [_thread_blocked, id=1964, stack(0x000000228f400000,0x000000228f500000)]
  0x0000017ff430d800 JavaThread "Cache worker for file content cache (C:\Users\ibete\.gradle\caches\7.0.2\fileContent)" [_thread_blocked, id=10048, stack(0x000000228f500000,0x000000228f600000)]
  0x0000017ff4318000 JavaThread "Cache worker for dependencies-accessors (C:\Users\ibete\AndroidStudioProjects\CoffeeDrinkGen\.gradle\7.0.2\dependencies-accessors)" [_thread_blocked, id=2628, stack(0x000000228f800000,0x000000228f900000)]
  0x0000017ff4319800 JavaThread "Cache worker for Build Output Cleanup Cache (C:\Users\ibete\AndroidStudioProjects\CoffeeDrinkGen\.gradle\buildOutputCleanup)" [_thread_blocked, id=5000, stack(0x000000228f900000,0x000000228fa00000)]
  0x0000017ff4315800 JavaThread "Build operations" [_thread_blocked, id=2352, stack(0x000000228fa00000,0x000000228fb00000)]
  0x0000017ff4319000 JavaThread "Build operations Thread 2" [_thread_blocked, id=2416, stack(0x000000228fb00000,0x000000228fc00000)]
  0x0000017ff4317000 JavaThread "Memory manager" [_thread_blocked, id=7212, stack(0x000000228cb00000,0x000000228cc00000)]

Other Threads:
  0x0000017ff18f7000 VMThread "VM Thread" [stack: 0x000000228d300000,0x000000228d400000] [id=9284]
  0x0000017ff2419000 WatcherThread [stack: 0x000000228dd00000,0x000000228de00000] [id=8924]
  0x0000017fd8243000 GCTaskThread "GC Thread#0" [stack: 0x000000228ce00000,0x000000228cf00000] [id=2904]
  0x0000017ff258a000 GCTaskThread "GC Thread#1" [stack: 0x000000228de00000,0x000000228df00000] [id=2952]
  0x0000017fd8274000 ConcurrentGCThread "G1 Main Marker" [stack: 0x000000228cf00000,0x000000228d000000] [id=2132]
  0x0000017fd8275800 ConcurrentGCThread "G1 Conc#0" [stack: 0x000000228d000000,0x000000228d100000] [id=9536]
  0x0000017fd82c7000 ConcurrentGCThread "G1 Refine#0" [stack: 0x000000228d100000,0x000000228d200000] [id=5156]
  0x0000017fd82c8000 ConcurrentGCThread "G1 Young RemSet Sampling" [stack: 0x000000228d200000,0x000000228d300000] [id=8936]

Threads with active compile tasks:
C2 CompilerThread0  71018 9421       4       java.util.regex.Pattern$BmpCharPropertyGreedy::match (89 bytes)

VM state:not at safepoint (normal execution)

VM Mutex/Monitor currently owned by a thread: None

Heap address: 0x0000000080000000, size: 2048 MB, Compressed Oops mode: 32-bit
Narrow klass base: 0x0000000000000000, Narrow klass shift: 3
Compressed class space size: 1073741824 Address: 0x0000000100000000

Heap:
 garbage-first heap   total 288768K, used 140068K [0x0000000080000000, 0x0000000100000000)
  region size 1024K, 55 young (56320K), 9 survivors (9216K)
 Metaspace       used 87544K, capacity 89900K, committed 90112K, reserved 1128448K
  class space    used 11274K, capacity 12066K, committed 12160K, reserved 1048576K
Heap Regions: E=young(eden), S=young(survivor), O=old, HS=humongous(starts), HC=humongous(continues), CS=collection set, F=free, A=archive, TAMS=top-at-mark-start (previous, next)
|   0|0x0000000080000000, 0x0000000080100000, 0x0000000080100000|100%| O|  |TAMS 0x0000000080100000, 0x0000000080000000| Untracked 
|   1|0x0000000080100000, 0x0000000080200000, 0x0000000080200000|100%| O|  |TAMS 0x0000000080200000, 0x0000000080100000| Untracked 
|   2|0x0000000080200000, 0x0000000080300000, 0x0000000080300000|100%| O|  |TAMS 0x0000000080300000, 0x0000000080200000| Untracked 
|   3|0x0000000080300000, 0x0000000080400000, 0x0000000080400000|100%| O|  |TAMS 0x0000000080400000, 0x0000000080300000| Untracked 
|   4|0x0000000080400000, 0x0000000080500000, 0x0000000080500000|100%|HS|  |TAMS 0x0000000080500000, 0x0000000080400000| Complete 
|   5|0x0000000080500000, 0x0000000080600000, 0x0000000080600000|100%|HC|  |TAMS 0x0000000080600000, 0x0000000080500000| Complete 
|   6|0x0000000080600000, 0x0000000080700000, 0x0000000080700000|100%|HC|  |TAMS 0x0000000080700000, 0x0000000080600000| Complete 
|   7|0x0000000080700000, 0x0000000080800000, 0x0000000080800000|100%| O|  |TAMS 0x0000000080800000, 0x0000000080700000| Untracked 
|   8|0x0000000080800000, 0x0000000080900000, 0x0000000080900000|100%| O|  |TAMS 0x0000000080900000, 0x0000000080800000| Untracked 
|   9|0x0000000080900000, 0x0000000080a00000, 0x0000000080a00000|100%| O|  |TAMS 0x0000000080a00000, 0x0000000080900000| Untracked 
|  10|0x0000000080a00000, 0x0000000080b00000, 0x0000000080b00000|100%| O|  |TAMS 0x0000000080b00000, 0x0000000080a00000| Untracked 
|  11|0x0000000080b00000, 0x0000000080c00000, 0x0000000080c00000|100%| O|  |TAMS 0x0000000080c00000, 0x0000000080b00000| Untracked 
|  12|0x0000000080c00000, 0x0000000080d00000, 0x0000000080d00000|100%| O|  |TAMS 0x0000000080d00000, 0x0000000080c00000| Untracked 
|  13|0x0000000080d00000, 0x0000000080e00000, 0x0000000080e00000|100%| O|  |TAMS 0x0000000080e00000, 0x0000000080d00000| Untracked 
|  14|0x0000000080e00000, 0x0000000080f00000, 0x0000000080f00000|100%| O|  |TAMS 0x0000000080f00000, 0x0000000080e00000| Untracked 
|  15|0x0000000080f00000, 0x0000000081000000, 0x0000000081000000|100%| O|  |TAMS 0x0000000081000000, 0x0000000080f00000| Untracked 
|  16|0x0000000081000000, 0x0000000081100000, 0x0000000081100000|100%|HS|  |TAMS 0x0000000081100000, 0x0000000081000000| Complete 
|  17|0x0000000081100000, 0x0000000081200000, 0x0000000081200000|100%|HC|  |TAMS 0x0000000081200000, 0x0000000081100000| Complete 
|  18|0x0000000081200000, 0x0000000081300000, 0x0000000081300000|100%|HS|  |TAMS 0x0000000081300000, 0x0000000081200000| Complete 
|  19|0x0000000081300000, 0x0000000081400000, 0x0000000081400000|100%|HC|  |TAMS 0x0000000081400000, 0x0000000081300000| Complete 
|  20|0x0000000081400000, 0x0000000081500000, 0x0000000081500000|100%|HC|  |TAMS 0x0000000081500000, 0x0000000081400000| Complete 
|  21|0x0000000081500000, 0x0000000081600000, 0x0000000081600000|100%|HS|  |TAMS 0x0000000081600000, 0x0000000081500000| Complete 
|  22|0x0000000081600000, 0x0000000081700000, 0x0000000081700000|100%|HC|  |TAMS 0x0000000081700000, 0x0000000081600000| Complete 
|  23|0x0000000081700000, 0x0000000081800000, 0x0000000081800000|100%|HC|  |TAMS 0x0000000081800000, 0x0000000081700000| Complete 
|  24|0x0000000081800000, 0x0000000081900000, 0x0000000081900000|100%|HC|  |TAMS 0x0000000081900000, 0x0000000081800000| Complete 
|  25|0x0000000081900000, 0x0000000081a00000, 0x0000000081a00000|100%|HC|  |TAMS 0x0000000081a00000, 0x0000000081900000| Complete 
|  26|0x0000000081a00000, 0x0000000081b00000, 0x0000000081b00000|100%| O|  |TAMS 0x0000000081b00000, 0x0000000081a00000| Untracked 
|  27|0x0000000081b00000, 0x0000000081c00000, 0x0000000081c00000|100%| O|  |TAMS 0x0000000081c00000, 0x0000000081b00000| Untracked 
|  28|0x0000000081c00000, 0x0000000081d00000, 0x0000000081d00000|100%| O|  |TAMS 0x0000000081d00000, 0x0000000081c00000| Untracked 
|  29|0x0000000081d00000, 0x0000000081e00000, 0x0000000081e00000|100%| O|  |TAMS 0x0000000081e00000, 0x0000000081d00000| Untracked 
|  30|0x0000000081e00000, 0x0000000081f00000, 0x0000000081f00000|100%| O|  |TAMS 0x0000000081f00000, 0x0000000081e00000| Untracked 
|  31|0x0000000081f00000, 0x0000000082000000, 0x0000000082000000|100%| O|  |TAMS 0x0000000082000000, 0x0000000081f00000| Untracked 
|  32|0x0000000082000000, 0x0000000082100000, 0x0000000082100000|100%| O|  |TAMS 0x0000000082100000, 0x0000000082000000| Untracked 
|  33|0x0000000082100000, 0x0000000082200000, 0x0000000082200000|100%| O|  |TAMS 0x0000000082200000, 0x0000000082100000| Untracked 
|  34|0x0000000082200000, 0x0000000082300000, 0x0000000082300000|100%| O|  |TAMS 0x0000000082300000, 0x0000000082200000| Untracked 
|  35|0x0000000082300000, 0x0000000082400000, 0x0000000082400000|100%| O|  |TAMS 0x0000000082400000, 0x0000000082300000| Untracked 
|  36|0x0000000082400000, 0x0000000082500000, 0x0000000082500000|100%| O|  |TAMS 0x0000000082500000, 0x0000000082400000| Untracked 
|  37|0x0000000082500000, 0x0000000082600000, 0x0000000082600000|100%| O|  |TAMS 0x0000000082600000, 0x0000000082500000| Untracked 
|  38|0x0000000082600000, 0x0000000082700000, 0x0000000082700000|100%| O|  |TAMS 0x0000000082700000, 0x0000000082600000| Untracked 
|  39|0x0000000082700000, 0x0000000082800000, 0x0000000082800000|100%| O|  |TAMS 0x0000000082800000, 0x0000000082700000| Untracked 
|  40|0x0000000082800000, 0x0000000082900000, 0x0000000082900000|100%| O|  |TAMS 0x0000000082900000, 0x0000000082800000| Untracked 
|  41|0x0000000082900000, 0x0000000082a00000, 0x0000000082a00000|100%| O|  |TAMS 0x0000000082a00000, 0x0000000082900000| Untracked 
|  42|0x0000000082a00000, 0x0000000082b00000, 0x0000000082b00000|100%| O|  |TAMS 0x0000000082b00000, 0x0000000082a00000| Untracked 
|  43|0x0000000082b00000, 0x0000000082c00000, 0x0000000082c00000|100%| O|  |TAMS 0x0000000082c00000, 0x0000000082b00000| Untracked 
|  44|0x0000000082c00000, 0x0000000082d00000, 0x0000000082d00000|100%| O|  |TAMS 0x0000000082d00000, 0x0000000082c00000| Untracked 
|  45|0x0000000082d00000, 0x0000000082e00000, 0x0000000082e00000|100%| O|  |TAMS 0x0000000082dde000, 0x0000000082d00000| Untracked 
|  46|0x0000000082e00000, 0x0000000082f00000, 0x0000000082f00000|100%| O|  |TAMS 0x0000000082f00000, 0x0000000082e00000| Untracked 
|  47|0x0000000082f00000, 0x0000000083000000, 0x0000000083000000|100%| O|  |TAMS 0x0000000082f00000, 0x0000000082f00000| Untracked 
|  48|0x0000000083000000, 0x0000000083100000, 0x0000000083100000|100%| O|  |TAMS 0x0000000083100000, 0x0000000083000000| Untracked 
|  49|0x0000000083100000, 0x0000000083200000, 0x0000000083200000|100%| O|  |TAMS 0x0000000083200000, 0x0000000083100000| Untracked 
|  50|0x0000000083200000, 0x0000000083300000, 0x0000000083300000|100%| O|  |TAMS 0x0000000083200000, 0x0000000083200000| Untracked 
|  51|0x0000000083300000, 0x0000000083400000, 0x0000000083400000|100%| O|  |TAMS 0x0000000083400000, 0x0000000083300000| Untracked 
|  52|0x0000000083400000, 0x0000000083500000, 0x0000000083500000|100%|HS|  |TAMS 0x0000000083500000, 0x0000000083400000| Complete 
|  53|0x0000000083500000, 0x0000000083600000, 0x0000000083600000|100%|HC|  |TAMS 0x0000000083600000, 0x0000000083500000| Complete 
|  54|0x0000000083600000, 0x0000000083700000, 0x0000000083700000|100%|HC|  |TAMS 0x0000000083700000, 0x0000000083600000| Complete 
|  55|0x0000000083700000, 0x0000000083800000, 0x0000000083800000|100%|HC|  |TAMS 0x0000000083800000, 0x0000000083700000| Complete 
|  56|0x0000000083800000, 0x0000000083900000, 0x0000000083900000|100%|HC|  |TAMS 0x0000000083900000, 0x0000000083800000| Complete 
|  57|0x0000000083900000, 0x0000000083a00000, 0x0000000083a00000|100%|HS|  |TAMS 0x0000000083a00000, 0x0000000083900000| Complete 
|  58|0x0000000083a00000, 0x0000000083b00000, 0x0000000083b00000|100%|HC|  |TAMS 0x0000000083b00000, 0x0000000083a00000| Complete 
|  59|0x0000000083b00000, 0x0000000083c00000, 0x0000000083c00000|100%|HC|  |TAMS 0x0000000083c00000, 0x0000000083b00000| Complete 
|  60|0x0000000083c00000, 0x0000000083d00000, 0x0000000083d00000|100%|HS|  |TAMS 0x0000000083d00000, 0x0000000083c00000| Complete 
|  61|0x0000000083d00000, 0x0000000083e00000, 0x0000000083e00000|100%|HS|  |TAMS 0x0000000083e00000, 0x0000000083d00000| Complete 
|  62|0x0000000083e00000, 0x0000000083f00000, 0x0000000083f00000|100%|HS|  |TAMS 0x0000000083f00000, 0x0000000083e00000| Complete 
|  63|0x0000000083f00000, 0x0000000084000000, 0x0000000084000000|100%|HC|  |TAMS 0x0000000084000000, 0x0000000083f00000| Complete 
|  64|0x0000000084000000, 0x0000000084100000, 0x0000000084100000|100%| O|  |TAMS 0x0000000084000000, 0x0000000084000000| Untracked 
|  65|0x0000000084100000, 0x0000000084200000, 0x0000000084200000|100%| O|  |TAMS 0x0000000084100000, 0x0000000084100000| Untracked 
|  66|0x0000000084200000, 0x0000000084300000, 0x0000000084300000|100%| O|  |TAMS 0x0000000084200000, 0x0000000084200000| Untracked 
|  67|0x0000000084300000, 0x0000000084400000, 0x0000000084400000|100%| O|  |TAMS 0x0000000084300000, 0x0000000084300000| Untracked 
|  68|0x0000000084400000, 0x0000000084500000, 0x0000000084500000|100%| O|  |TAMS 0x0000000084400000, 0x0000000084400000| Untracked 
|  69|0x0000000084500000, 0x0000000084600000, 0x0000000084600000|100%| O|  |TAMS 0x0000000084500000, 0x0000000084500000| Untracked 
|  70|0x0000000084600000, 0x0000000084700000, 0x0000000084700000|100%| O|  |TAMS 0x0000000084600000, 0x0000000084600000| Untracked 
|  71|0x0000000084700000, 0x0000000084800000, 0x0000000084800000|100%| O|  |TAMS 0x0000000084700000, 0x0000000084700000| Untracked 
|  72|0x0000000084800000, 0x0000000084900000, 0x0000000084900000|100%| O|  |TAMS 0x0000000084800000, 0x0000000084800000| Untracked 
|  73|0x0000000084900000, 0x0000000084a00000, 0x0000000084a00000|100%| O|  |TAMS 0x0000000084900000, 0x0000000084900000| Untracked 
|  74|0x0000000084a00000, 0x0000000084b00000, 0x0000000084b00000|100%| O|  |TAMS 0x0000000084a00000, 0x0000000084a00000| Untracked 
|  75|0x0000000084b00000, 0x0000000084c00000, 0x0000000084c00000|100%| O|  |TAMS 0x0000000084b00000, 0x0000000084b00000| Untracked 
|  76|0x0000000084c00000, 0x0000000084d00000, 0x0000000084d00000|100%| O|  |TAMS 0x0000000084c00000, 0x0000000084c00000| Untracked 
|  77|0x0000000084d00000, 0x0000000084e00000, 0x0000000084e00000|100%| O|  |TAMS 0x0000000084d00000, 0x0000000084d00000| Untracked 
|  78|0x0000000084e00000, 0x0000000084f00000, 0x0000000084f00000|100%| O|  |TAMS 0x0000000084e00000, 0x0000000084e00000| Untracked 
|  79|0x0000000084f00000, 0x0000000085000000, 0x0000000085000000|100%| O|  |TAMS 0x0000000084f00000, 0x0000000084f00000| Untracked 
|  80|0x0000000085000000, 0x0000000085100000, 0x0000000085100000|100%| O|  |TAMS 0x0000000085000000, 0x0000000085000000| Untracked 
|  81|0x0000000085100000, 0x0000000085200000, 0x0000000085200000|100%| O|  |TAMS 0x0000000085100000, 0x0000000085100000| Untracked 
|  82|0x0000000085200000, 0x00000000852c9000, 0x0000000085300000| 78%| O|  |TAMS 0x0000000085200000, 0x0000000085200000| Untracked 
|  83|0x0000000085300000, 0x0000000085400000, 0x0000000085400000|100%|HS|  |TAMS 0x0000000085300000, 0x0000000085300000| Complete 
|  84|0x0000000085400000, 0x0000000085400000, 0x0000000085500000|  0%| F|  |TAMS 0x0000000085400000, 0x0000000085400000| Untracked 
|  85|0x0000000085500000, 0x0000000085500000, 0x0000000085600000|  0%| F|  |TAMS 0x0000000085500000, 0x0000000085500000| Untracked 
|  86|0x0000000085600000, 0x0000000085600000, 0x0000000085700000|  0%| F|  |TAMS 0x0000000085600000, 0x0000000085600000| Untracked 
|  87|0x0000000085700000, 0x0000000085700000, 0x0000000085800000|  0%| F|  |TAMS 0x0000000085700000, 0x0000000085700000| Untracked 
|  88|0x0000000085800000, 0x0000000085800000, 0x0000000085900000|  0%| F|  |TAMS 0x0000000085800000, 0x0000000085800000| Untracked 
|  89|0x0000000085900000, 0x0000000085900000, 0x0000000085a00000|  0%| F|  |TAMS 0x0000000085900000, 0x0000000085900000| Untracked 
|  90|0x0000000085a00000, 0x0000000085a00000, 0x0000000085b00000|  0%| F|  |TAMS 0x0000000085a00000, 0x0000000085a00000| Untracked 
|  91|0x0000000085b00000, 0x0000000085b00000, 0x0000000085c00000|  0%| F|  |TAMS 0x0000000085b00000, 0x0000000085b00000| Untracked 
|  92|0x0000000085c00000, 0x0000000085c00000, 0x0000000085d00000|  0%| F|  |TAMS 0x0000000085c00000, 0x0000000085c00000| Untracked 
|  93|0x0000000085d00000, 0x0000000085d00000, 0x0000000085e00000|  0%| F|  |TAMS 0x0000000085d00000, 0x0000000085d00000| Untracked 
|  94|0x0000000085e00000, 0x0000000085e00000, 0x0000000085f00000|  0%| F|  |TAMS 0x0000000085e00000, 0x0000000085e00000| Untracked 
|  95|0x0000000085f00000, 0x0000000085f00000, 0x0000000086000000|  0%| F|  |TAMS 0x0000000085f00000, 0x0000000085f00000| Untracked 
|  96|0x0000000086000000, 0x0000000086000000, 0x0000000086100000|  0%| F|  |TAMS 0x0000000086000000, 0x0000000086000000| Untracked 
|  97|0x0000000086100000, 0x0000000086100000, 0x0000000086200000|  0%| F|  |TAMS 0x0000000086100000, 0x0000000086100000| Untracked 
|  98|0x0000000086200000, 0x0000000086200000, 0x0000000086300000|  0%| F|  |TAMS 0x0000000086200000, 0x0000000086200000| Untracked 
|  99|0x0000000086300000, 0x0000000086300000, 0x0000000086400000|  0%| F|  |TAMS 0x0000000086300000, 0x0000000086300000| Untracked 
| 100|0x0000000086400000, 0x0000000086400000, 0x0000000086500000|  0%| F|  |TAMS 0x0000000086400000, 0x0000000086400000| Untracked 
| 101|0x0000000086500000, 0x0000000086500000, 0x0000000086600000|  0%| F|  |TAMS 0x0000000086500000, 0x0000000086500000| Untracked 
| 102|0x0000000086600000, 0x0000000086600000, 0x0000000086700000|  0%| F|  |TAMS 0x0000000086600000, 0x0000000086600000| Untracked 
| 103|0x0000000086700000, 0x0000000086700000, 0x0000000086800000|  0%| F|  |TAMS 0x0000000086700000, 0x0000000086700000| Untracked 
| 104|0x0000000086800000, 0x0000000086800000, 0x0000000086900000|  0%| F|  |TAMS 0x0000000086800000, 0x0000000086800000| Untracked 
| 105|0x0000000086900000, 0x0000000086900000, 0x0000000086a00000|  0%| F|  |TAMS 0x0000000086900000, 0x0000000086900000| Untracked 
| 106|0x0000000086a00000, 0x0000000086b00000, 0x0000000086b00000|100%| S|CS|TAMS 0x0000000086a00000, 0x0000000086a00000| Complete 
| 107|0x0000000086b00000, 0x0000000086c00000, 0x0000000086c00000|100%| S|CS|TAMS 0x0000000086b00000, 0x0000000086b00000| Complete 
| 108|0x0000000086c00000, 0x0000000086d00000, 0x0000000086d00000|100%| S|CS|TAMS 0x0000000086c00000, 0x0000000086c00000| Complete 
| 109|0x0000000086d00000, 0x0000000086e00000, 0x0000000086e00000|100%| S|CS|TAMS 0x0000000086d00000, 0x0000000086d00000| Complete 
| 110|0x0000000086e00000, 0x0000000086f00000, 0x0000000086f00000|100%| S|CS|TAMS 0x0000000086e00000, 0x0000000086e00000| Complete 
| 111|0x0000000086f00000, 0x0000000087000000, 0x0000000087000000|100%| S|CS|TAMS 0x0000000086f00000, 0x0000000086f00000| Complete 
| 112|0x0000000087000000, 0x0000000087100000, 0x0000000087100000|100%| S|CS|TAMS 0x0000000087000000, 0x0000000087000000| Complete 
| 113|0x0000000087100000, 0x0000000087200000, 0x0000000087200000|100%| S|CS|TAMS 0x0000000087100000, 0x0000000087100000| Complete 
| 114|0x0000000087200000, 0x0000000087300000, 0x0000000087300000|100%| S|CS|TAMS 0x0000000087200000, 0x0000000087200000| Complete 
| 115|0x0000000087300000, 0x0000000087300000, 0x0000000087400000|  0%| F|  |TAMS 0x0000000087300000, 0x0000000087300000| Untracked 
| 116|0x0000000087400000, 0x0000000087400000, 0x0000000087500000|  0%| F|  |TAMS 0x0000000087400000, 0x0000000087400000| Untracked 
| 117|0x0000000087500000, 0x0000000087500000, 0x0000000087600000|  0%| F|  |TAMS 0x0000000087500000, 0x0000000087500000| Untracked 
| 118|0x0000000087600000, 0x0000000087600000, 0x0000000087700000|  0%| F|  |TAMS 0x0000000087600000, 0x0000000087600000| Untracked 
| 119|0x0000000087700000, 0x0000000087700000, 0x0000000087800000|  0%| F|  |TAMS 0x0000000087700000, 0x0000000087700000| Untracked 
| 120|0x0000000087800000, 0x0000000087800000, 0x0000000087900000|  0%| F|  |TAMS 0x0000000087800000, 0x0000000087800000| Untracked 
| 121|0x0000000087900000, 0x0000000087900000, 0x0000000087a00000|  0%| F|  |TAMS 0x0000000087900000, 0x0000000087900000| Untracked 
| 122|0x0000000087a00000, 0x0000000087a00000, 0x0000000087b00000|  0%| F|  |TAMS 0x0000000087a00000, 0x0000000087a00000| Untracked 
| 123|0x0000000087b00000, 0x0000000087b00000, 0x0000000087c00000|  0%| F|  |TAMS 0x0000000087b00000, 0x0000000087b00000| Untracked 
| 124|0x0000000087c00000, 0x0000000087c00000, 0x0000000087d00000|  0%| F|  |TAMS 0x0000000087c00000, 0x0000000087c00000| Untracked 
| 125|0x0000000087d00000, 0x0000000087d00000, 0x0000000087e00000|  0%| F|  |TAMS 0x0000000087d00000, 0x0000000087d00000| Untracked 
| 126|0x0000000087e00000, 0x0000000087e00000, 0x0000000087f00000|  0%| F|  |TAMS 0x0000000087e00000, 0x0000000087e00000| Untracked 
| 127|0x0000000087f00000, 0x0000000087f00000, 0x0000000088000000|  0%| F|  |TAMS 0x0000000087f00000, 0x0000000087f00000| Untracked 
| 128|0x0000000088000000, 0x0000000088000000, 0x0000000088100000|  0%| F|  |TAMS 0x0000000088000000, 0x0000000088000000| Untracked 
| 129|0x0000000088100000, 0x0000000088100000, 0x0000000088200000|  0%| F|  |TAMS 0x0000000088100000, 0x0000000088100000| Untracked 
| 130|0x0000000088200000, 0x0000000088200000, 0x0000000088300000|  0%| F|  |TAMS 0x0000000088200000, 0x0000000088200000| Untracked 
| 131|0x0000000088300000, 0x0000000088300000, 0x0000000088400000|  0%| F|  |TAMS 0x0000000088300000, 0x0000000088300000| Untracked 
| 132|0x0000000088400000, 0x0000000088400000, 0x0000000088500000|  0%| F|  |TAMS 0x0000000088400000, 0x0000000088400000| Untracked 
| 133|0x0000000088500000, 0x0000000088500000, 0x0000000088600000|  0%| F|  |TAMS 0x0000000088500000, 0x0000000088500000| Untracked 
| 134|0x0000000088600000, 0x0000000088600000, 0x0000000088700000|  0%| F|  |TAMS 0x0000000088600000, 0x0000000088600000| Untracked 
| 135|0x0000000088700000, 0x0000000088700000, 0x0000000088800000|  0%| F|  |TAMS 0x0000000088700000, 0x0000000088700000| Untracked 
| 136|0x0000000088800000, 0x0000000088800000, 0x0000000088900000|  0%| F|  |TAMS 0x0000000088800000, 0x0000000088800000| Untracked 
| 137|0x0000000088900000, 0x0000000088900000, 0x0000000088a00000|  0%| F|  |TAMS 0x0000000088900000, 0x0000000088900000| Untracked 
| 138|0x0000000088a00000, 0x0000000088a00000, 0x0000000088b00000|  0%| F|  |TAMS 0x0000000088a00000, 0x0000000088a00000| Untracked 
| 139|0x0000000088b00000, 0x0000000088b00000, 0x0000000088c00000|  0%| F|  |TAMS 0x0000000088b00000, 0x0000000088b00000| Untracked 
| 140|0x0000000088c00000, 0x0000000088c00000, 0x0000000088d00000|  0%| F|  |TAMS 0x0000000088c00000, 0x0000000088c00000| Untracked 
| 141|0x0000000088d00000, 0x0000000088d00000, 0x0000000088e00000|  0%| F|  |TAMS 0x0000000088d00000, 0x0000000088d00000| Untracked 
| 142|0x0000000088e00000, 0x0000000088e00000, 0x0000000088f00000|  0%| F|  |TAMS 0x0000000088e00000, 0x0000000088e00000| Untracked 
| 143|0x0000000088f00000, 0x0000000088f00000, 0x0000000089000000|  0%| F|  |TAMS 0x0000000088f00000, 0x0000000088f00000| Untracked 
| 144|0x0000000089000000, 0x0000000089000000, 0x0000000089100000|  0%| F|  |TAMS 0x0000000089000000, 0x0000000089000000| Untracked 
| 145|0x0000000089100000, 0x0000000089100000, 0x0000000089200000|  0%| F|  |TAMS 0x0000000089100000, 0x0000000089100000| Untracked 
| 146|0x0000000089200000, 0x0000000089200000, 0x0000000089300000|  0%| F|  |TAMS 0x0000000089200000, 0x0000000089200000| Untracked 
| 147|0x0000000089300000, 0x0000000089300000, 0x0000000089400000|  0%| F|  |TAMS 0x0000000089300000, 0x0000000089300000| Untracked 
| 148|0x0000000089400000, 0x0000000089400000, 0x0000000089500000|  0%| F|  |TAMS 0x0000000089400000, 0x0000000089400000| Untracked 
| 149|0x0000000089500000, 0x0000000089500000, 0x0000000089600000|  0%| F|  |TAMS 0x0000000089500000, 0x0000000089500000| Untracked 
| 150|0x0000000089600000, 0x0000000089600000, 0x0000000089700000|  0%| F|  |TAMS 0x0000000089600000, 0x0000000089600000| Untracked 
| 151|0x0000000089700000, 0x0000000089700000, 0x0000000089800000|  0%| F|  |TAMS 0x0000000089700000, 0x0000000089700000| Untracked 
| 152|0x0000000089800000, 0x0000000089800000, 0x0000000089900000|  0%| F|  |TAMS 0x0000000089800000, 0x0000000089800000| Untracked 
| 153|0x0000000089900000, 0x0000000089900000, 0x0000000089a00000|  0%| F|  |TAMS 0x0000000089900000, 0x0000000089900000| Untracked 
| 154|0x0000000089a00000, 0x0000000089a00000, 0x0000000089b00000|  0%| F|  |TAMS 0x0000000089a00000, 0x0000000089a00000| Untracked 
| 155|0x0000000089b00000, 0x0000000089b00000, 0x0000000089c00000|  0%| F|  |TAMS 0x0000000089b00000, 0x0000000089b00000| Untracked 
| 156|0x0000000089c00000, 0x0000000089c00000, 0x0000000089d00000|  0%| F|  |TAMS 0x0000000089c00000, 0x0000000089c00000| Untracked 
| 157|0x0000000089d00000, 0x0000000089d00000, 0x0000000089e00000|  0%| F|  |TAMS 0x0000000089d00000, 0x0000000089d00000| Untracked 
| 158|0x0000000089e00000, 0x0000000089e00000, 0x0000000089f00000|  0%| F|  |TAMS 0x0000000089e00000, 0x0000000089e00000| Untracked 
| 159|0x0000000089f00000, 0x0000000089f00000, 0x000000008a000000|  0%| F|  |TAMS 0x0000000089f00000, 0x0000000089f00000| Untracked 
| 160|0x000000008a000000, 0x000000008a000000, 0x000000008a100000|  0%| F|  |TAMS 0x000000008a000000, 0x000000008a000000| Untracked 
| 161|0x000000008a100000, 0x000000008a100000, 0x000000008a200000|  0%| F|  |TAMS 0x000000008a100000, 0x000000008a100000| Untracked 
| 162|0x000000008a200000, 0x000000008a200000, 0x000000008a300000|  0%| F|  |TAMS 0x000000008a200000, 0x000000008a200000| Untracked 
| 163|0x000000008a300000, 0x000000008a300000, 0x000000008a400000|  0%| F|  |TAMS 0x000000008a300000, 0x000000008a300000| Untracked 
| 164|0x000000008a400000, 0x000000008a400000, 0x000000008a500000|  0%| F|  |TAMS 0x000000008a400000, 0x000000008a400000| Untracked 
| 165|0x000000008a500000, 0x000000008a500000, 0x000000008a600000|  0%| F|  |TAMS 0x000000008a500000, 0x000000008a500000| Untracked 
| 166|0x000000008a600000, 0x000000008a600000, 0x000000008a700000|  0%| F|  |TAMS 0x000000008a600000, 0x000000008a600000| Untracked 
| 167|0x000000008a700000, 0x000000008a700000, 0x000000008a800000|  0%| F|  |TAMS 0x000000008a700000, 0x000000008a700000| Untracked 
| 168|0x000000008a800000, 0x000000008a800000, 0x000000008a900000|  0%| F|  |TAMS 0x000000008a800000, 0x000000008a800000| Untracked 
| 169|0x000000008a900000, 0x000000008a900000, 0x000000008aa00000|  0%| F|  |TAMS 0x000000008a900000, 0x000000008a900000| Untracked 
| 170|0x000000008aa00000, 0x000000008aa00000, 0x000000008ab00000|  0%| F|  |TAMS 0x000000008aa00000, 0x000000008aa00000| Untracked 
| 171|0x000000008ab00000, 0x000000008ab00000, 0x000000008ac00000|  0%| F|  |TAMS 0x000000008ab00000, 0x000000008ab00000| Untracked 
| 172|0x000000008ac00000, 0x000000008ac00000, 0x000000008ad00000|  0%| F|  |TAMS 0x000000008ac00000, 0x000000008ac00000| Untracked 
| 173|0x000000008ad00000, 0x000000008ad00000, 0x000000008ae00000|  0%| F|  |TAMS 0x000000008ad00000, 0x000000008ad00000| Untracked 
| 174|0x000000008ae00000, 0x000000008ae00000, 0x000000008af00000|  0%| F|  |TAMS 0x000000008ae00000, 0x000000008ae00000| Untracked 
| 175|0x000000008af00000, 0x000000008af00000, 0x000000008b000000|  0%| F|  |TAMS 0x000000008af00000, 0x000000008af00000| Untracked 
| 176|0x000000008b000000, 0x000000008b000000, 0x000000008b100000|  0%| F|  |TAMS 0x000000008b000000, 0x000000008b000000| Untracked 
| 177|0x000000008b100000, 0x000000008b100000, 0x000000008b200000|  0%| F|  |TAMS 0x000000008b100000, 0x000000008b100000| Untracked 
| 178|0x000000008b200000, 0x000000008b200000, 0x000000008b300000|  0%| F|  |TAMS 0x000000008b200000, 0x000000008b200000| Untracked 
| 179|0x000000008b300000, 0x000000008b300000, 0x000000008b400000|  0%| F|  |TAMS 0x000000008b300000, 0x000000008b300000| Untracked 
| 180|0x000000008b400000, 0x000000008b400000, 0x000000008b500000|  0%| F|  |TAMS 0x000000008b400000, 0x000000008b400000| Untracked 
| 181|0x000000008b500000, 0x000000008b500000, 0x000000008b600000|  0%| F|  |TAMS 0x000000008b500000, 0x000000008b500000| Untracked 
| 182|0x000000008b600000, 0x000000008b600000, 0x000000008b700000|  0%| F|  |TAMS 0x000000008b600000, 0x000000008b600000| Untracked 
| 183|0x000000008b700000, 0x000000008b700000, 0x000000008b800000|  0%| F|  |TAMS 0x000000008b700000, 0x000000008b700000| Untracked 
| 184|0x000000008b800000, 0x000000008b800000, 0x000000008b900000|  0%| F|  |TAMS 0x000000008b800000, 0x000000008b800000| Untracked 
| 185|0x000000008b900000, 0x000000008b900000, 0x000000008ba00000|  0%| F|  |TAMS 0x000000008b900000, 0x000000008b900000| Untracked 
| 186|0x000000008ba00000, 0x000000008ba00000, 0x000000008bb00000|  0%| F|  |TAMS 0x000000008ba00000, 0x000000008ba00000| Untracked 
| 187|0x000000008bb00000, 0x000000008bb00000, 0x000000008bc00000|  0%| F|  |TAMS 0x000000008bb00000, 0x000000008bb00000| Untracked 
| 188|0x000000008bc00000, 0x000000008bc00000, 0x000000008bd00000|  0%| F|  |TAMS 0x000000008bc00000, 0x000000008bc00000| Untracked 
| 189|0x000000008bd00000, 0x000000008bd00000, 0x000000008be00000|  0%| F|  |TAMS 0x000000008bd00000, 0x000000008bd00000| Untracked 
| 190|0x000000008be00000, 0x000000008be00000, 0x000000008bf00000|  0%| F|  |TAMS 0x000000008be00000, 0x000000008be00000| Untracked 
| 191|0x000000008bf00000, 0x000000008bf00000, 0x000000008c000000|  0%| F|  |TAMS 0x000000008bf00000, 0x000000008bf00000| Untracked 
| 192|0x000000008c000000, 0x000000008c000000, 0x000000008c100000|  0%| F|  |TAMS 0x000000008c000000, 0x000000008c000000| Untracked 
| 193|0x000000008c100000, 0x000000008c100000, 0x000000008c200000|  0%| F|  |TAMS 0x000000008c100000, 0x000000008c100000| Untracked 
| 194|0x000000008c200000, 0x000000008c200000, 0x000000008c300000|  0%| F|  |TAMS 0x000000008c200000, 0x000000008c200000| Untracked 
| 195|0x000000008c300000, 0x000000008c300000, 0x000000008c400000|  0%| F|  |TAMS 0x000000008c300000, 0x000000008c300000| Untracked 
| 196|0x000000008c400000, 0x000000008c400000, 0x000000008c500000|  0%| F|  |TAMS 0x000000008c400000, 0x000000008c400000| Untracked 
| 197|0x000000008c500000, 0x000000008c500000, 0x000000008c600000|  0%| F|  |TAMS 0x000000008c500000, 0x000000008c500000| Untracked 
| 198|0x000000008c600000, 0x000000008c600000, 0x000000008c700000|  0%| F|  |TAMS 0x000000008c600000, 0x000000008c600000| Untracked 
| 199|0x000000008c700000, 0x000000008c700000, 0x000000008c800000|  0%| F|  |TAMS 0x000000008c700000, 0x000000008c700000| Untracked 
| 200|0x000000008c800000, 0x000000008c800000, 0x000000008c900000|  0%| F|  |TAMS 0x000000008c800000, 0x000000008c800000| Untracked 
| 201|0x000000008c900000, 0x000000008c900000, 0x000000008ca00000|  0%| F|  |TAMS 0x000000008c900000, 0x000000008c900000| Untracked 
| 202|0x000000008ca00000, 0x000000008ca00000, 0x000000008cb00000|  0%| F|  |TAMS 0x000000008ca00000, 0x000000008ca00000| Untracked 
| 203|0x000000008cb00000, 0x000000008cb00000, 0x000000008cc00000|  0%| F|  |TAMS 0x000000008cb00000, 0x000000008cb00000| Untracked 
| 204|0x000000008cc00000, 0x000000008cc00000, 0x000000008cd00000|  0%| F|  |TAMS 0x000000008cc00000, 0x000000008cc00000| Untracked 
| 205|0x000000008cd00000, 0x000000008cd00000, 0x000000008ce00000|  0%| F|  |TAMS 0x000000008cd00000, 0x000000008cd00000| Untracked 
| 206|0x000000008ce00000, 0x000000008ce00000, 0x000000008cf00000|  0%| F|  |TAMS 0x000000008ce00000, 0x000000008ce00000| Untracked 
| 207|0x000000008cf00000, 0x000000008cf00000, 0x000000008d000000|  0%| F|  |TAMS 0x000000008cf00000, 0x000000008cf00000| Untracked 
| 208|0x000000008d000000, 0x000000008d000000, 0x000000008d100000|  0%| F|  |TAMS 0x000000008d000000, 0x000000008d000000| Untracked 
| 209|0x000000008d100000, 0x000000008d100000, 0x000000008d200000|  0%| F|  |TAMS 0x000000008d100000, 0x000000008d100000| Untracked 
| 210|0x000000008d200000, 0x000000008d200000, 0x000000008d300000|  0%| F|  |TAMS 0x000000008d200000, 0x000000008d200000| Untracked 
| 211|0x000000008d300000, 0x000000008d300000, 0x000000008d400000|  0%| F|  |TAMS 0x000000008d300000, 0x000000008d300000| Untracked 
| 212|0x000000008d400000, 0x000000008d400000, 0x000000008d500000|  0%| F|  |TAMS 0x000000008d400000, 0x000000008d400000| Untracked 
| 213|0x000000008d500000, 0x000000008d500000, 0x000000008d600000|  0%| F|  |TAMS 0x000000008d500000, 0x000000008d500000| Untracked 
| 214|0x000000008d600000, 0x000000008d600000, 0x000000008d700000|  0%| F|  |TAMS 0x000000008d600000, 0x000000008d600000| Untracked 
| 215|0x000000008d700000, 0x000000008d700000, 0x000000008d800000|  0%| F|  |TAMS 0x000000008d700000, 0x000000008d700000| Untracked 
| 216|0x000000008d800000, 0x000000008d800000, 0x000000008d900000|  0%| F|  |TAMS 0x000000008d800000, 0x000000008d800000| Untracked 
| 217|0x000000008d900000, 0x000000008d900000, 0x000000008da00000|  0%| F|  |TAMS 0x000000008d900000, 0x000000008d900000| Untracked 
| 218|0x000000008da00000, 0x000000008da00000, 0x000000008db00000|  0%| F|  |TAMS 0x000000008da00000, 0x000000008da00000| Untracked 
| 219|0x000000008db00000, 0x000000008db00000, 0x000000008dc00000|  0%| F|  |TAMS 0x000000008db00000, 0x000000008db00000| Untracked 
| 220|0x000000008dc00000, 0x000000008dc00000, 0x000000008dd00000|  0%| F|  |TAMS 0x000000008dc00000, 0x000000008dc00000| Untracked 
| 221|0x000000008dd00000, 0x000000008dd00000, 0x000000008de00000|  0%| F|  |TAMS 0x000000008dd00000, 0x000000008dd00000| Untracked 
| 222|0x000000008de00000, 0x000000008de00000, 0x000000008df00000|  0%| F|  |TAMS 0x000000008de00000, 0x000000008de00000| Untracked 
| 223|0x000000008df00000, 0x000000008df00000, 0x000000008e000000|  0%| F|  |TAMS 0x000000008df00000, 0x000000008df00000| Untracked 
| 224|0x000000008e000000, 0x000000008e000000, 0x000000008e100000|  0%| F|  |TAMS 0x000000008e000000, 0x000000008e000000| Untracked 
| 225|0x000000008e100000, 0x000000008e100000, 0x000000008e200000|  0%| F|  |TAMS 0x000000008e100000, 0x000000008e100000| Untracked 
| 226|0x000000008e200000, 0x000000008e200000, 0x000000008e300000|  0%| F|  |TAMS 0x000000008e200000, 0x000000008e200000| Untracked 
| 227|0x000000008e300000, 0x000000008e300000, 0x000000008e400000|  0%| F|  |TAMS 0x000000008e300000, 0x000000008e300000| Untracked 
| 228|0x000000008e400000, 0x000000008e400000, 0x000000008e500000|  0%| F|  |TAMS 0x000000008e400000, 0x000000008e400000| Untracked 
| 229|0x000000008e500000, 0x000000008e500000, 0x000000008e600000|  0%| F|  |TAMS 0x000000008e500000, 0x000000008e500000| Untracked 
| 230|0x000000008e600000, 0x000000008e600000, 0x000000008e700000|  0%| F|  |TAMS 0x000000008e600000, 0x000000008e600000| Untracked 
| 231|0x000000008e700000, 0x000000008e700000, 0x000000008e800000|  0%| F|  |TAMS 0x000000008e700000, 0x000000008e700000| Untracked 
| 232|0x000000008e800000, 0x000000008e800000, 0x000000008e900000|  0%| F|  |TAMS 0x000000008e800000, 0x000000008e800000| Untracked 
| 233|0x000000008e900000, 0x000000008e900000, 0x000000008ea00000|  0%| F|  |TAMS 0x000000008e900000, 0x000000008e900000| Untracked 
| 234|0x000000008ea00000, 0x000000008ea00000, 0x000000008eb00000|  0%| F|  |TAMS 0x000000008ea00000, 0x000000008ea00000| Untracked 
| 235|0x000000008eb00000, 0x000000008eb00000, 0x000000008ec00000|  0%| F|  |TAMS 0x000000008eb00000, 0x000000008eb00000| Untracked 
| 236|0x000000008ec00000, 0x000000008ed00000, 0x000000008ed00000|100%| E|  |TAMS 0x000000008ec00000, 0x000000008ec00000| Complete 
| 237|0x000000008ed00000, 0x000000008ee00000, 0x000000008ee00000|100%| E|CS|TAMS 0x000000008ed00000, 0x000000008ed00000| Complete 
| 238|0x000000008ee00000, 0x000000008ef00000, 0x000000008ef00000|100%| E|CS|TAMS 0x000000008ee00000, 0x000000008ee00000| Complete 
| 239|0x000000008ef00000, 0x000000008f000000, 0x000000008f000000|100%| E|CS|TAMS 0x000000008ef00000, 0x000000008ef00000| Complete 
| 240|0x000000008f000000, 0x000000008f100000, 0x000000008f100000|100%| E|CS|TAMS 0x000000008f000000, 0x000000008f000000| Complete 
| 241|0x000000008f100000, 0x000000008f200000, 0x000000008f200000|100%| E|CS|TAMS 0x000000008f100000, 0x000000008f100000| Complete 
| 242|0x000000008f200000, 0x000000008f300000, 0x000000008f300000|100%| E|CS|TAMS 0x000000008f200000, 0x000000008f200000| Complete 
| 243|0x000000008f300000, 0x000000008f400000, 0x000000008f400000|100%| E|CS|TAMS 0x000000008f300000, 0x000000008f300000| Complete 
| 244|0x000000008f400000, 0x000000008f500000, 0x000000008f500000|100%| E|CS|TAMS 0x000000008f400000, 0x000000008f400000| Complete 
| 245|0x000000008f500000, 0x000000008f600000, 0x000000008f600000|100%| E|CS|TAMS 0x000000008f500000, 0x000000008f500000| Complete 
| 246|0x000000008f600000, 0x000000008f700000, 0x000000008f700000|100%| E|CS|TAMS 0x000000008f600000, 0x000000008f600000| Complete 
| 247|0x000000008f700000, 0x000000008f800000, 0x000000008f800000|100%| E|CS|TAMS 0x000000008f700000, 0x000000008f700000| Complete 
| 248|0x000000008f800000, 0x000000008f900000, 0x000000008f900000|100%| E|CS|TAMS 0x000000008f800000, 0x000000008f800000| Complete 
| 249|0x000000008f900000, 0x000000008fa00000, 0x000000008fa00000|100%| E|CS|TAMS 0x000000008f900000, 0x000000008f900000| Complete 
| 250|0x000000008fa00000, 0x000000008fb00000, 0x000000008fb00000|100%| E|CS|TAMS 0x000000008fa00000, 0x000000008fa00000| Complete 
| 251|0x000000008fb00000, 0x000000008fc00000, 0x000000008fc00000|100%| E|CS|TAMS 0x000000008fb00000, 0x000000008fb00000| Complete 
| 252|0x000000008fc00000, 0x000000008fd00000, 0x000000008fd00000|100%| E|CS|TAMS 0x000000008fc00000, 0x000000008fc00000| Complete 
| 253|0x000000008fd00000, 0x000000008fe00000, 0x000000008fe00000|100%| E|CS|TAMS 0x000000008fd00000, 0x000000008fd00000| Complete 
| 254|0x000000008fe00000, 0x000000008ff00000, 0x000000008ff00000|100%| E|CS|TAMS 0x000000008fe00000, 0x000000008fe00000| Complete 
| 255|0x000000008ff00000, 0x0000000090000000, 0x0000000090000000|100%| E|CS|TAMS 0x000000008ff00000, 0x000000008ff00000| Complete 
| 256|0x0000000090000000, 0x0000000090100000, 0x0000000090100000|100%| E|CS|TAMS 0x0000000090000000, 0x0000000090000000| Complete 
| 257|0x0000000090100000, 0x0000000090200000, 0x0000000090200000|100%| E|CS|TAMS 0x0000000090100000, 0x0000000090100000| Complete 
| 258|0x0000000090200000, 0x0000000090300000, 0x0000000090300000|100%| E|CS|TAMS 0x0000000090200000, 0x0000000090200000| Complete 
| 259|0x0000000090300000, 0x0000000090400000, 0x0000000090400000|100%| E|CS|TAMS 0x0000000090300000, 0x0000000090300000| Complete 
| 260|0x0000000090400000, 0x0000000090500000, 0x0000000090500000|100%| E|CS|TAMS 0x0000000090400000, 0x0000000090400000| Complete 
| 261|0x0000000090500000, 0x0000000090600000, 0x0000000090600000|100%| E|CS|TAMS 0x0000000090500000, 0x0000000090500000| Complete 
| 262|0x0000000090600000, 0x0000000090700000, 0x0000000090700000|100%| E|CS|TAMS 0x0000000090600000, 0x0000000090600000| Complete 
| 263|0x0000000090700000, 0x0000000090800000, 0x0000000090800000|100%| E|CS|TAMS 0x0000000090700000, 0x0000000090700000| Complete 
| 264|0x0000000090800000, 0x0000000090900000, 0x0000000090900000|100%| E|CS|TAMS 0x0000000090800000, 0x0000000090800000| Complete 
| 265|0x0000000090900000, 0x0000000090a00000, 0x0000000090a00000|100%| E|CS|TAMS 0x0000000090900000, 0x0000000090900000| Complete 
| 266|0x0000000090a00000, 0x0000000090b00000, 0x0000000090b00000|100%| E|CS|TAMS 0x0000000090a00000, 0x0000000090a00000| Complete 
| 267|0x0000000090b00000, 0x0000000090c00000, 0x0000000090c00000|100%| E|CS|TAMS 0x0000000090b00000, 0x0000000090b00000| Complete 
| 268|0x0000000090c00000, 0x0000000090d00000, 0x0000000090d00000|100%| E|  |TAMS 0x0000000090c00000, 0x0000000090c00000| Complete 
| 269|0x0000000090d00000, 0x0000000090e00000, 0x0000000090e00000|100%| E|CS|TAMS 0x0000000090d00000, 0x0000000090d00000| Complete 
| 270|0x0000000090e00000, 0x0000000090f00000, 0x0000000090f00000|100%| E|CS|TAMS 0x0000000090e00000, 0x0000000090e00000| Complete 
| 271|0x0000000090f00000, 0x0000000091000000, 0x0000000091000000|100%| E|CS|TAMS 0x0000000090f00000, 0x0000000090f00000| Complete 
| 272|0x0000000091000000, 0x0000000091100000, 0x0000000091100000|100%| E|CS|TAMS 0x0000000091000000, 0x0000000091000000| Complete 
| 273|0x0000000091100000, 0x0000000091200000, 0x0000000091200000|100%| E|CS|TAMS 0x0000000091100000, 0x0000000091100000| Complete 
| 274|0x0000000091200000, 0x0000000091300000, 0x0000000091300000|100%| E|CS|TAMS 0x0000000091200000, 0x0000000091200000| Complete 
| 275|0x0000000091300000, 0x0000000091400000, 0x0000000091400000|100%| E|CS|TAMS 0x0000000091300000, 0x0000000091300000| Complete 
| 276|0x0000000091400000, 0x0000000091500000, 0x0000000091500000|100%| E|CS|TAMS 0x0000000091400000, 0x0000000091400000| Complete 
| 277|0x0000000091500000, 0x0000000091600000, 0x0000000091600000|100%| E|CS|TAMS 0x0000000091500000, 0x0000000091500000| Complete 
| 278|0x0000000091600000, 0x0000000091700000, 0x0000000091700000|100%| E|CS|TAMS 0x0000000091600000, 0x0000000091600000| Complete 
| 279|0x0000000091700000, 0x0000000091800000, 0x0000000091800000|100%| E|CS|TAMS 0x0000000091700000, 0x0000000091700000| Complete 
| 280|0x0000000091800000, 0x0000000091900000, 0x0000000091900000|100%| E|CS|TAMS 0x0000000091800000, 0x0000000091800000| Complete 
| 281|0x0000000091900000, 0x0000000091a00000, 0x0000000091a00000|100%| E|CS|TAMS 0x0000000091900000, 0x0000000091900000| Complete 

Card table byte_map: [0x0000017fead20000,0x0000017feb120000] _byte_map_base: 0x0000017fea920000

Marking Bits (Prev, Next): (CMBitMap*) 0x0000017fd826b158, (CMBitMap*) 0x0000017fd826b190
 Prev Bits: [0x0000017feb520000, 0x0000017fed520000)
 Next Bits: [0x0000017fed520000, 0x0000017fef520000)

Polling page: 0x0000017fd60f0000

Metaspace:

Usage:
  Non-class:     76.01 MB capacity,    74.48 MB ( 98%) used,     1.30 MB (  2%) free+waste,   230.56 KB ( <1%) overhead. 
      Class:     11.78 MB capacity,    11.01 MB ( 93%) used,   685.03 KB (  6%) free+waste,   106.50 KB ( <1%) overhead. 
       Both:     87.79 MB capacity,    85.49 MB ( 97%) used,     1.97 MB (  2%) free+waste,   337.06 KB ( <1%) overhead. 

Virtual space:
  Non-class space:       78.00 MB reserved,      76.13 MB ( 98%) committed 
      Class space:        1.00 GB reserved,      11.88 MB (  1%) committed 
             Both:        1.08 GB reserved,      88.00 MB (  8%) committed 

Chunk freelists:
   Non-Class:  54.00 KB
       Class:  0 bytes
        Both:  54.00 KB

MaxMetaspaceSize: 17179869184.00 GB
CompressedClassSpaceSize: 1.00 GB

CodeHeap 'non-profiled nmethods': size=120064Kb used=6788Kb max_used=6788Kb free=113276Kb
 bounds [0x0000017fe37e0000, 0x0000017fe3e90000, 0x0000017fead20000]
CodeHeap 'profiled nmethods': size=120000Kb used=20732Kb max_used=20732Kb free=99267Kb
 bounds [0x0000017fdc2b0000, 0x0000017fdd6f0000, 0x0000017fe37e0000]
CodeHeap 'non-nmethods': size=5696Kb used=2275Kb max_used=2324Kb free=3420Kb
 bounds [0x0000017fdbd20000, 0x0000017fdbf90000, 0x0000017fdc2b0000]
 total_blobs=10259 nmethods=9366 adapters=805
 compilation: enabled
              stopped_count=0, restarted_count=0
 full_count=0

Compilation events (20 events):
Event: 70.830 Thread 0x0000017ff1968000 9440       3       com.sun.org.apache.xerces.internal.impl.XMLEntityScanner::scanContent (690 bytes)
Event: 70.832 Thread 0x0000017ff1968000 nmethod 9440 0x0000017fdd6eae90 code [0x0000017fdd6eb1a0, 0x0000017fdd6ec488]
Event: 70.838 Thread 0x0000017ff1968000 9442       2       com.sun.org.apache.xerces.internal.utils.XMLSecurityManager::isOverLimit (10 bytes)
Event: 70.839 Thread 0x0000017ff1968000 nmethod 9442 0x0000017fdd6ecc10 code [0x0000017fdd6ecdc0, 0x0000017fdd6ecee8]
Event: 70.839 Thread 0x0000017ff1968000 9443       2       com.sun.org.apache.xerces.internal.utils.XMLLimitAnalyzer::getTotalValue (7 bytes)
Event: 70.840 Thread 0x0000017ff1968000 nmethod 9443 0x0000017fdd6ecf90 code [0x0000017fdd6ed140, 0x0000017fdd6ed258]
Event: 70.840 Thread 0x0000017ff1968000 9444       2       com.sun.xml.bind.v2.util.QNameMap::getEntry (105 bytes)
Event: 70.841 Thread 0x0000017ff1968000 nmethod 9444 0x0000017fdd6ed310 code [0x0000017fdd6ed4e0, 0x0000017fdd6ed6c8]
Event: 70.841 Thread 0x0000017ff1968000 9445       1       com.sun.org.apache.xerces.internal.util.XMLAttributesImpl::getLength (5 bytes)
Event: 70.841 Thread 0x0000017ff1968000 nmethod 9445 0x0000017fe3e71c10 code [0x0000017fe3e71dc0, 0x0000017fe3e71e78]
Event: 70.841 Thread 0x0000017ff1968000 9446       2       com.sun.org.apache.xerces.internal.impl.XMLEntityScanner::peekChar (63 bytes)
Event: 70.842 Thread 0x0000017ff1968000 nmethod 9446 0x0000017fdd6ed810 code [0x0000017fdd6ed9e0, 0x0000017fdd6edb88]
Event: 70.860 Thread 0x0000017ff1968000 9447       2       org.gradle.api.internal.provider.DefaultProviderFactory::provider (23 bytes)
Event: 70.860 Thread 0x0000017ff1968000 nmethod 9447 0x0000017fdd6edd10 code [0x0000017fdd6edee0, 0x0000017fdd6ee148]
Event: 70.862 Thread 0x0000017ff1968000 9448       1       org.gradle.api.internal.provider.ValueSupplier$Present::get (5 bytes)
Event: 70.862 Thread 0x0000017ff1968000 nmethod 9448 0x0000017fe3e71f10 code [0x0000017fe3e720c0, 0x0000017fe3e72178]
Event: 70.863 Thread 0x0000017ff1968000 9449   !   2       kotlin.SynchronizedLazyImpl::getValue (97 bytes)
Event: 70.864 Thread 0x0000017ff1968000 nmethod 9449 0x0000017fdd6ee210 code [0x0000017fdd6ee420, 0x0000017fdd6ee958]
Event: 70.890 Thread 0x0000017ff1968000 9450       2       org.gradle.util.DeferredUtil::isNestableDeferred (20 bytes)
Event: 70.891 Thread 0x0000017ff1968000 nmethod 9450 0x0000017fdd6eec90 code [0x0000017fdd6eee40, 0x0000017fdd6eeff8]

GC Heap History (20 events):
Event: 45.280 GC heap before
{Heap before GC invocations=65 (full 0):
 garbage-first heap   total 240640K, used 192078K [0x0000000080000000, 0x0000000100000000)
  region size 1024K, 133 young (136192K), 8 survivors (8192K)
 Metaspace       used 47862K, capacity 49171K, committed 49356K, reserved 1091584K
  class space    used 6146K, capacity 6619K, committed 6656K, reserved 1048576K
}
Event: 45.301 GC heap after
{Heap after GC invocations=66 (full 0):
 garbage-first heap   total 240640K, used 65614K [0x0000000080000000, 0x0000000100000000)
  region size 1024K, 10 young (10240K), 10 survivors (10240K)
 Metaspace       used 47862K, capacity 49171K, committed 49356K, reserved 1091584K
  class space    used 6146K, capacity 6619K, committed 6656K, reserved 1048576K
}
Event: 46.942 GC heap before
{Heap before GC invocations=66 (full 0):
 garbage-first heap   total 240640K, used 196686K [0x0000000080000000, 0x0000000100000000)
  region size 1024K, 138 young (141312K), 10 survivors (10240K)
 Metaspace       used 47864K, capacity 49171K, committed 49356K, reserved 1091584K
  class space    used 6146K, capacity 6619K, committed 6656K, reserved 1048576K
}
Event: 46.964 GC heap after
{Heap after GC invocations=67 (full 0):
 garbage-first heap   total 240640K, used 66126K [0x0000000080000000, 0x0000000100000000)
  region size 1024K, 10 young (10240K), 10 survivors (10240K)
 Metaspace       used 47864K, capacity 49171K, committed 49356K, reserved 1091584K
  class space    used 6146K, capacity 6619K, committed 6656K, reserved 1048576K
}
Event: 48.398 GC heap before
{Heap before GC invocations=67 (full 0):
 garbage-first heap   total 240640K, used 200270K [0x0000000080000000, 0x0000000100000000)
  region size 1024K, 141 young (144384K), 10 survivors (10240K)
 Metaspace       used 47870K, capacity 49171K, committed 49356K, reserved 1091584K
  class space    used 6146K, capacity 6619K, committed 6656K, reserved 1048576K
}
Event: 48.422 GC heap after
{Heap after GC invocations=68 (full 0):
 garbage-first heap   total 240640K, used 66850K [0x0000000080000000, 0x0000000100000000)
  region size 1024K, 10 young (10240K), 10 survivors (10240K)
 Metaspace       used 47870K, capacity 49171K, committed 49356K, reserved 1091584K
  class space    used 6146K, capacity 6619K, committed 6656K, reserved 1048576K
}
Event: 49.361 GC heap before
{Heap before GC invocations=68 (full 0):
 garbage-first heap   total 240640K, used 200994K [0x0000000080000000, 0x0000000100000000)
  region size 1024K, 141 young (144384K), 10 survivors (10240K)
 Metaspace       used 47873K, capacity 49171K, committed 49356K, reserved 1091584K
  class space    used 6146K, capacity 6619K, committed 6656K, reserved 1048576K
}
Event: 49.390 GC heap after
{Heap after GC invocations=69 (full 0):
 garbage-first heap   total 288768K, used 68472K [0x0000000080000000, 0x0000000100000000)
  region size 1024K, 7 young (7168K), 7 survivors (7168K)
 Metaspace       used 47873K, capacity 49171K, committed 49356K, reserved 1091584K
  class space    used 6146K, capacity 6619K, committed 6656K, reserved 1048576K
}
Event: 50.448 GC heap before
{Heap before GC invocations=69 (full 0):
 garbage-first heap   total 288768K, used 216952K [0x0000000080000000, 0x0000000100000000)
  region size 1024K, 153 young (156672K), 7 survivors (7168K)
 Metaspace       used 47875K, capacity 49172K, committed 49356K, reserved 1091584K
  class space    used 6146K, capacity 6619K, committed 6656K, reserved 1048576K
}
Event: 50.466 GC heap after
{Heap after GC invocations=70 (full 0):
 garbage-first heap   total 288768K, used 69496K [0x0000000080000000, 0x0000000100000000)
  region size 1024K, 8 young (8192K), 8 survivors (8192K)
 Metaspace       used 47875K, capacity 49172K, committed 49356K, reserved 1091584K
  class space    used 6146K, capacity 6619K, committed 6656K, reserved 1048576K
}
Event: 51.489 GC heap before
{Heap before GC invocations=70 (full 0):
 garbage-first heap   total 288768K, used 228216K [0x0000000080000000, 0x0000000100000000)
  region size 1024K, 163 young (166912K), 8 survivors (8192K)
 Metaspace       used 47879K, capacity 49172K, committed 49356K, reserved 1091584K
  class space    used 6146K, capacity 6619K, committed 6656K, reserved 1048576K
}
Event: 51.509 GC heap after
{Heap after GC invocations=71 (full 0):
 garbage-first heap   total 288768K, used 70520K [0x0000000080000000, 0x0000000100000000)
  region size 1024K, 9 young (9216K), 9 survivors (9216K)
 Metaspace       used 47879K, capacity 49172K, committed 49356K, reserved 1091584K
  class space    used 6146K, capacity 6619K, committed 6656K, reserved 1048576K
}
Event: 52.497 GC heap before
{Heap before GC invocations=71 (full 0):
 garbage-first heap   total 288768K, used 234360K [0x0000000080000000, 0x0000000100000000)
  region size 1024K, 169 young (173056K), 9 survivors (9216K)
 Metaspace       used 47897K, capacity 49172K, committed 49356K, reserved 1091584K
  class space    used 6146K, capacity 6619K, committed 6656K, reserved 1048576K
}
Event: 52.503 GC heap after
{Heap after GC invocations=72 (full 0):
 garbage-first heap   total 288768K, used 60792K [0x0000000080000000, 0x0000000100000000)
  region size 1024K, 3 young (3072K), 3 survivors (3072K)
 Metaspace       used 47897K, capacity 49172K, committed 49356K, reserved 1091584K
  class space    used 6146K, capacity 6619K, committed 6656K, reserved 1048576K
}
Event: 58.445 GC heap before
{Heap before GC invocations=72 (full 0):
 garbage-first heap   total 288768K, used 233848K [0x0000000080000000, 0x0000000100000000)
  region size 1024K, 169 young (173056K), 3 survivors (3072K)
 Metaspace       used 55482K, capacity 57218K, committed 57292K, reserved 1099776K
  class space    used 7085K, capacity 7648K, committed 7680K, reserved 1048576K
}
Event: 58.473 GC heap after
{Heap after GC invocations=73 (full 0):
 garbage-first heap   total 288768K, used 71222K [0x0000000080000000, 0x0000000100000000)
  region size 1024K, 10 young (10240K), 10 survivors (10240K)
 Metaspace       used 55482K, capacity 57218K, committed 57292K, reserved 1099776K
  class space    used 7085K, capacity 7648K, committed 7680K, reserved 1048576K
}
Event: 64.164 GC heap before
{Heap before GC invocations=73 (full 0):
 garbage-first heap   total 288768K, used 213558K [0x0000000080000000, 0x0000000100000000)
  region size 1024K, 146 young (149504K), 10 survivors (10240K)
 Metaspace       used 70481K, capacity 72376K, committed 72448K, reserved 1112064K
  class space    used 8917K, capacity 9584K, committed 9600K, reserved 1048576K
}
Event: 64.223 GC heap after
{Heap after GC invocations=74 (full 0):
 garbage-first heap   total 288768K, used 87928K [0x0000000080000000, 0x0000000100000000)
  region size 1024K, 22 young (22528K), 22 survivors (22528K)
 Metaspace       used 70481K, capacity 72376K, committed 72448K, reserved 1112064K
  class space    used 8917K, capacity 9584K, committed 9600K, reserved 1048576K
}
Event: 69.172 GC heap before
{Heap before GC invocations=75 (full 0):
 garbage-first heap   total 288768K, used 234360K [0x0000000080000000, 0x0000000100000000)
  region size 1024K, 167 young (171008K), 22 survivors (22528K)
 Metaspace       used 81258K, capacity 83578K, committed 83712K, reserved 1122304K
  class space    used 10527K, capacity 11313K, committed 11392K, reserved 1048576K
}
Event: 69.257 GC heap after
{Heap after GC invocations=76 (full 0):
 garbage-first heap   total 288768K, used 93988K [0x0000000080000000, 0x0000000100000000)
  region size 1024K, 9 young (9216K), 9 survivors (9216K)
 Metaspace       used 81258K, capacity 83578K, committed 83712K, reserved 1122304K
  class space    used 10527K, capacity 11313K, committed 11392K, reserved 1048576K
}

Deoptimization events (20 events):
Event: 70.773 Thread 0x0000017ff3e00000 DEOPT PACKING pc=0x0000017fdd3c6f9f sp=0x000000228e5f8a50
Event: 70.773 Thread 0x0000017ff3e00000 DEOPT UNPACKING pc=0x0000017fdbd46abf sp=0x000000228e5f7f10 mode 0
Event: 70.774 Thread 0x0000017ff3e00000 DEOPT PACKING pc=0x0000017fdd3c6f9f sp=0x000000228e5f8a50
Event: 70.774 Thread 0x0000017ff3e00000 DEOPT UNPACKING pc=0x0000017fdbd46abf sp=0x000000228e5f7f10 mode 0
Event: 70.832 Thread 0x0000017ff3e00000 DEOPT PACKING pc=0x0000017fdd6e873d sp=0x000000228e5f9020
Event: 70.832 Thread 0x0000017ff3e00000 DEOPT UNPACKING pc=0x0000017fdbd46abf sp=0x000000228e5f84e8 mode 0
Event: 70.833 Thread 0x0000017ff3e00000 DEOPT PACKING pc=0x0000017fdd3c6f9f sp=0x000000228e5f8990
Event: 70.833 Thread 0x0000017ff3e00000 DEOPT UNPACKING pc=0x0000017fdbd46abf sp=0x000000228e5f7e50 mode 0
Event: 70.833 Thread 0x0000017ff3e00000 DEOPT PACKING pc=0x0000017fdd3c6f9f sp=0x000000228e5f8990
Event: 70.833 Thread 0x0000017ff3e00000 DEOPT UNPACKING pc=0x0000017fdbd46abf sp=0x000000228e5f7e50 mode 0
Event: 70.834 Thread 0x0000017ff3e00000 DEOPT PACKING pc=0x0000017fdd3c6f9f sp=0x000000228e5f8990
Event: 70.834 Thread 0x0000017ff3e00000 DEOPT UNPACKING pc=0x0000017fdbd46abf sp=0x000000228e5f7e50 mode 0
Event: 70.835 Thread 0x0000017ff3e00000 DEOPT PACKING pc=0x0000017fdd3c6f9f sp=0x000000228e5f8990
Event: 70.835 Thread 0x0000017ff3e00000 DEOPT UNPACKING pc=0x0000017fdbd46abf sp=0x000000228e5f7e50 mode 0
Event: 70.837 Thread 0x0000017ff3e00000 DEOPT PACKING pc=0x0000017fdd3c6f9f sp=0x000000228e5f8990
Event: 70.837 Thread 0x0000017ff3e00000 DEOPT UNPACKING pc=0x0000017fdbd46abf sp=0x000000228e5f7e50 mode 0
Event: 70.837 Thread 0x0000017ff3e00000 DEOPT PACKING pc=0x0000017fdd3c6f9f sp=0x000000228e5f8990
Event: 70.837 Thread 0x0000017ff3e00000 DEOPT UNPACKING pc=0x0000017fdbd46abf sp=0x000000228e5f7e50 mode 0
Event: 70.838 Thread 0x0000017ff3e00000 DEOPT PACKING pc=0x0000017fdd3c6f9f sp=0x000000228e5f8990
Event: 70.838 Thread 0x0000017ff3e00000 DEOPT UNPACKING pc=0x0000017fdbd46abf sp=0x000000228e5f7e50 mode 0

Classes redefined (0 events):
No events

Internal exceptions (20 events):
Event: 69.168 Thread 0x0000017ff3e00000 Exception <a 'java/lang/ClassNotFoundException'{0x0000000087375658}: com/android/build/gradle/tasks/factory/AndroidUnitTest_DecoratedBeanInfo> (0x0000000087375658) thrown at [./src/hotspot/share/classfile/systemDictionary.cpp, line 231]
Event: 69.169 Thread 0x0000017ff3e00000 Exception <a 'java/lang/ClassNotFoundException'{0x000000008738e798}: com/android/build/gradle/tasks/factory/AndroidUnitTestBeanInfo> (0x000000008738e798) thrown at [./src/hotspot/share/classfile/systemDictionary.cpp, line 231]
Event: 69.170 Thread 0x0000017ff3e00000 Exception <a 'java/lang/ClassNotFoundException'{0x00000000873acf10}: org/gradle/api/tasks/testing/TestBeanInfo> (0x00000000873acf10) thrown at [./src/hotspot/share/classfile/systemDictionary.cpp, line 231]
Event: 69.171 Thread 0x0000017ff3e00000 Exception <a 'java/lang/ClassNotFoundException'{0x00000000873cf0c8}: org/gradle/api/tasks/testing/AbstractTestTaskBeanInfo> (0x00000000873cf0c8) thrown at [./src/hotspot/share/classfile/systemDictionary.cpp, line 231]
Event: 69.172 Thread 0x0000017ff3e00000 Exception <a 'java/lang/ClassNotFoundException'{0x00000000873f1680}: org/gradle/api/tasks/testing/AbstractTestTaskCustomizer> (0x00000000873f1680) thrown at [./src/hotspot/share/classfile/systemDictionary.cpp, line 231]
Event: 69.260 Thread 0x0000017ff3e00000 Exception <a 'java/lang/ClassNotFoundException'{0x00000000919300b0}: org/gradle/api/tasks/testing/TestCustomizer> (0x00000000919300b0) thrown at [./src/hotspot/share/classfile/systemDictionary.cpp, line 231]
Event: 69.272 Thread 0x0000017ff3e00000 Exception <a 'java/lang/ClassNotFoundException'{0x00000000919edb40}: com/android/build/gradle/tasks/factory/AndroidUnitTestCustomizer> (0x00000000919edb40) thrown at [./src/hotspot/share/classfile/systemDictionary.cpp, line 231]
Event: 69.274 Thread 0x0000017ff3e00000 Exception <a 'java/lang/ClassNotFoundException'{0x0000000091827458}: com/android/build/gradle/tasks/factory/AndroidUnitTest_DecoratedCustomizer> (0x0000000091827458) thrown at [./src/hotspot/share/classfile/systemDictionary.cpp, line 231]
Event: 69.395 Thread 0x0000017ff3e00000 Exception <a 'java/lang/ClassNotFoundException'{0x00000000912b7bd0}: org/gradle/api/internal/tasks/DefaultSourceSetContainer_DecoratedBeanInfo> (0x00000000912b7bd0) thrown at [./src/hotspot/share/classfile/systemDictionary.cpp, line 231]
Event: 69.397 Thread 0x0000017ff3e00000 Exception <a 'java/lang/ClassNotFoundException'{0x00000000912dac10}: org/gradle/api/internal/tasks/DefaultSourceSetContainerBeanInfo> (0x00000000912dac10) thrown at [./src/hotspot/share/classfile/systemDictionary.cpp, line 231]
Event: 69.398 Thread 0x0000017ff3e00000 Exception <a 'java/lang/ClassNotFoundException'{0x00000000912fdca8}: org/gradle/api/internal/tasks/DefaultSourceSetContainerCustomizer> (0x00000000912fdca8) thrown at [./src/hotspot/share/classfile/systemDictionary.cpp, line 231]
Event: 69.401 Thread 0x0000017ff3e00000 Exception <a 'java/lang/ClassNotFoundException'{0x000000009112fee0}: org/gradle/api/internal/tasks/DefaultSourceSetContainer_DecoratedCustomizer> (0x000000009112fee0) thrown at [./src/hotspot/share/classfile/systemDictionary.cpp, line 231]
Event: 69.921 Thread 0x0000017ff3e00000 Exception <a 'sun/nio/fs/WindowsException'{0x000000009067a8f8}> (0x000000009067a8f8) thrown at [./src/hotspot/share/prims/jni.cpp, line 615]
Event: 69.922 Thread 0x0000017ff3e00000 Exception <a 'sun/nio/fs/WindowsException'{0x000000009067aec0}> (0x000000009067aec0) thrown at [./src/hotspot/share/prims/jni.cpp, line 615]
Event: 70.188 Thread 0x0000017ff3e00000 Exception <a 'java/lang/NullPointerException'{0x000000008fd39668}> (0x000000008fd39668) thrown at [./src/hotspot/share/interpreter/linkResolver.cpp, line 1440]
Event: 70.677 Thread 0x0000017ff3e00000 Exception <a 'java/lang/NoSuchMethodError'{0x000000008eff5110}: 'int java.lang.invoke.DirectMethodHandle$Holder.invokeStatic(java.lang.Object, java.lang.Object, int, java.lang.Object)'> (0x000000008eff5110) thrown at [./src/hotspot/share/interpreter/linkResolver.cpp, line 773]
Event: 70.810 Thread 0x0000017ff3e00000 Exception <a 'sun/nio/fs/WindowsException'{0x000000008ed27f40}> (0x000000008ed27f40) thrown at [./src/hotspot/share/prims/jni.cpp, line 615]
Event: 70.811 Thread 0x0000017ff3e00000 Exception <a 'sun/nio/fs/WindowsException'{0x000000008ed292b8}> (0x000000008ed292b8) thrown at [./src/hotspot/share/prims/jni.cpp, line 615]
Event: 70.811 Thread 0x0000017ff3e00000 Exception <a 'sun/nio/fs/WindowsException'{0x000000008ed2a680}> (0x000000008ed2a680) thrown at [./src/hotspot/share/prims/jni.cpp, line 615]
Event: 70.811 Thread 0x0000017ff3e00000 Exception <a 'sun/nio/fs/WindowsException'{0x000000008ed2ba48}> (0x000000008ed2ba48) thrown at [./src/hotspot/share/prims/jni.cpp, line 615]

Events (20 events):
Event: 70.883 loading class com/android/build/gradle/internal/ide/SourceProviderContainerImpl
Event: 70.883 loading class com/android/build/gradle/internal/ide/SourceProviderContainerImpl done
Event: 70.883 loading class com/android/builder/model/SourceProviderContainer
Event: 70.883 loading class com/android/builder/model/SourceProviderContainer done
Event: 70.884 loading class com/android/builder/model/SourceProviderContainer
Event: 70.884 loading class com/android/builder/model/SourceProviderContainer done
Event: 70.884 loading class com/android/builder/model/SourceProviderContainer
Event: 70.884 loading class com/android/builder/model/SourceProviderContainer done
Event: 70.885 loading class com/android/build/gradle/internal/ide/SourceProviderImpl
Event: 70.885 loading class com/android/build/gradle/internal/ide/SourceProviderImpl done
Event: 70.887 loading class com/android/build/gradle/internal/ide/ProductFlavorImpl
Event: 70.887 loading class com/android/build/gradle/internal/ide/ProductFlavorImpl done
Event: 70.888 loading class com/android/build/gradle/internal/ide/BaseConfigImpl
Event: 70.888 loading class com/android/build/gradle/internal/ide/BaseConfigImpl done
Event: 70.889 loading class com/android/build/gradle/internal/ide/ApiVersionImpl
Event: 70.889 loading class com/android/build/gradle/internal/ide/ApiVersionImpl done
Event: 70.891 loading class com/android/build/gradle/internal/ide/BuildTypeContainerImpl
Event: 70.891 loading class com/android/build/gradle/internal/ide/BuildTypeContainerImpl done
Event: 70.892 loading class com/android/builder/model/BuildTypeContainer
Event: 70.892 loading class com/android/builder/model/BuildTypeContainer done


Dynamic libraries:
0x00007ff7f77d0000 - 0x00007ff7f77da000 	C:\Program Files\Android\Android Studio\jre\bin\java.exe
0x00007ffadebf0000 - 0x00007ffadede5000 	C:\WINDOWS\SYSTEM32\ntdll.dll
0x00007ffadcea0000 - 0x00007ffadcf5e000 	C:\WINDOWS\System32\KERNEL32.DLL
0x00007ffadc4f0000 - 0x00007ffadc7b9000 	C:\WINDOWS\System32\KERNELBASE.dll
0x00007ffadc9b0000 - 0x00007ffadcab0000 	C:\WINDOWS\System32\ucrtbase.dll
0x00007ffacdf90000 - 0x00007ffacdfa7000 	C:\Program Files\Android\Android Studio\jre\bin\VCRUNTIME140.dll
0x00007ffad7330000 - 0x00007ffad7349000 	C:\Program Files\Android\Android Studio\jre\bin\jli.dll
0x00007ffadd0c0000 - 0x00007ffadd261000 	C:\WINDOWS\System32\USER32.dll
0x00007ffac34e0000 - 0x00007ffac377a000 	C:\WINDOWS\WinSxS\amd64_microsoft.windows.common-controls_6595b64144ccf1df_6.0.19041.1110_none_60b5254171f9507e\COMCTL32.dll
0x00007ffadcab0000 - 0x00007ffadcad2000 	C:\WINDOWS\System32\win32u.dll
0x00007ffade780000 - 0x00007ffade81e000 	C:\WINDOWS\System32\msvcrt.dll
0x00007ffade3c0000 - 0x00007ffade3eb000 	C:\WINDOWS\System32\GDI32.dll
0x00007ffadc810000 - 0x00007ffadc91b000 	C:\WINDOWS\System32\gdi32full.dll
0x00007ffadc340000 - 0x00007ffadc3dd000 	C:\WINDOWS\System32\msvcp_win.dll
0x00007ffade3f0000 - 0x00007ffade420000 	C:\WINDOWS\System32\IMM32.DLL
0x00007ffabbaa0000 - 0x00007ffabbb3d000 	C:\Program Files\Android\Android Studio\jre\bin\msvcp140.dll
0x00007ffa91350000 - 0x00007ffa91e1f000 	C:\Program Files\Android\Android Studio\jre\bin\server\jvm.dll
0x00007ffadeb00000 - 0x00007ffadebac000 	C:\WINDOWS\System32\ADVAPI32.dll
0x00007ffade200000 - 0x00007ffade29b000 	C:\WINDOWS\System32\sechost.dll
0x00007ffadcc40000 - 0x00007ffadcd6a000 	C:\WINDOWS\System32\RPCRT4.dll
0x00007ffadd030000 - 0x00007ffadd038000 	C:\WINDOWS\System32\PSAPI.DLL
0x00007ffad5e90000 - 0x00007ffad5e99000 	C:\WINDOWS\SYSTEM32\WSOCK32.dll
0x00007ffad1b00000 - 0x00007ffad1b27000 	C:\WINDOWS\SYSTEM32\WINMM.dll
0x00007ffade0e0000 - 0x00007ffade14b000 	C:\WINDOWS\System32\WS2_32.dll
0x00007ffad6550000 - 0x00007ffad655a000 	C:\WINDOWS\SYSTEM32\VERSION.dll
0x00007ffadaba0000 - 0x00007ffadabb2000 	C:\WINDOWS\SYSTEM32\kernel.appcore.dll
0x00007fface290000 - 0x00007fface2a1000 	C:\Program Files\Android\Android Studio\jre\bin\verify.dll
0x00007ffada870000 - 0x00007ffadaa54000 	C:\WINDOWS\SYSTEM32\DBGHELP.DLL
0x00007ffad5a50000 - 0x00007ffad5a7c000 	C:\WINDOWS\SYSTEM32\dbgcore.DLL
0x00007ffadc920000 - 0x00007ffadc9a3000 	C:\WINDOWS\System32\bcryptPrimitives.dll
0x00007ffabbf20000 - 0x00007ffabbf49000 	C:\Program Files\Android\Android Studio\jre\bin\java.dll
0x00007ffacdf80000 - 0x00007ffacdf8b000 	C:\Program Files\Android\Android Studio\jre\bin\jimage.dll
0x00007ffacdf60000 - 0x00007ffacdf78000 	C:\Program Files\Android\Android Studio\jre\bin\zip.dll
0x00007ffadd350000 - 0x00007ffadda8f000 	C:\WINDOWS\System32\SHELL32.dll
0x00007ffada010000 - 0x00007ffada7a0000 	C:\WINDOWS\SYSTEM32\windows.storage.dll
0x00007ffade420000 - 0x00007ffade775000 	C:\WINDOWS\System32\combase.dll
0x00007ffadbc90000 - 0x00007ffadbcbc000 	C:\WINDOWS\SYSTEM32\Wldp.dll
0x00007ffade150000 - 0x00007ffade1fd000 	C:\WINDOWS\System32\SHCORE.dll
0x00007ffaddfd0000 - 0x00007ffade025000 	C:\WINDOWS\System32\shlwapi.dll
0x00007ffadc250000 - 0x00007ffadc26f000 	C:\WINDOWS\SYSTEM32\profapi.dll
0x00007ffac37a0000 - 0x00007ffac37ba000 	C:\Program Files\Android\Android Studio\jre\bin\net.dll
0x00007ffad28e0000 - 0x00007ffad29e8000 	C:\WINDOWS\SYSTEM32\WINHTTP.dll
0x00007ffadb9a0000 - 0x00007ffadba0a000 	C:\WINDOWS\system32\mswsock.dll
0x00007ffac3780000 - 0x00007ffac3794000 	C:\Program Files\Android\Android Studio\jre\bin\nio.dll
0x00007ffad7380000 - 0x00007ffad73a7000 	C:\Users\ibete\.gradle\native\8bec1ad78214c89d9ad589b4d07fe93259594b29d510b10fafb7a158f7737e5d\windows-amd64\native-platform.dll
0x00007ffaa1460000 - 0x00007ffaa159d000 	C:\Users\ibete\.gradle\native\53dbd7edfb1c66fb8903c78663c9afc45aea4f116125fa6feffd364cf09443e8\windows-amd64\native-platform-file-events.dll
0x00007ffac5450000 - 0x00007ffac545a000 	C:\Program Files\Android\Android Studio\jre\bin\management.dll
0x00007ffac09d0000 - 0x00007ffac09dc000 	C:\Program Files\Android\Android Studio\jre\bin\management_ext.dll
0x00007ffadbb70000 - 0x00007ffadbb88000 	C:\WINDOWS\SYSTEM32\CRYPTSP.dll
0x00007ffadb330000 - 0x00007ffadb364000 	C:\WINDOWS\system32\rsaenh.dll
0x00007ffadc310000 - 0x00007ffadc337000 	C:\WINDOWS\System32\bcrypt.dll
0x00007ffadc210000 - 0x00007ffadc23e000 	C:\WINDOWS\SYSTEM32\USERENV.dll
0x00007ffadbb60000 - 0x00007ffadbb6c000 	C:\WINDOWS\SYSTEM32\CRYPTBASE.dll
0x00007ffadb6a0000 - 0x00007ffadb6db000 	C:\WINDOWS\SYSTEM32\IPHLPAPI.DLL
0x00007ffadeaf0000 - 0x00007ffadeaf8000 	C:\WINDOWS\System32\NSI.dll
0x00007ffad3d10000 - 0x00007ffad3d27000 	C:\WINDOWS\SYSTEM32\dhcpcsvc6.DLL
0x00007ffad4260000 - 0x00007ffad427d000 	C:\WINDOWS\SYSTEM32\dhcpcsvc.DLL
0x00007ffadb6f0000 - 0x00007ffadb7bc000 	C:\WINDOWS\SYSTEM32\DNSAPI.dll

dbghelp: loaded successfully - version: 4.0.5 - missing functions: none
symbol engine: initialized successfully - sym options: 0x614 - pdb path: .;C:\Program Files\Android\Android Studio\jre\bin;C:\WINDOWS\SYSTEM32;C:\WINDOWS\WinSxS\amd64_microsoft.windows.common-controls_6595b64144ccf1df_6.0.19041.1110_none_60b5254171f9507e;C:\Program Files\Android\Android Studio\jre\bin\server;C:\Users\ibete\.gradle\native\8bec1ad78214c89d9ad589b4d07fe93259594b29d510b10fafb7a158f7737e5d\windows-amd64;C:\Users\ibete\.gradle\native\53dbd7edfb1c66fb8903c78663c9afc45aea4f116125fa6feffd364cf09443e8\windows-amd64

VM Arguments:
jvm_args: --add-opens=java.base/java.util=ALL-UNNAMED --add-opens=java.base/java.lang=ALL-UNNAMED --add-opens=java.base/java.lang.invoke=ALL-UNNAMED --add-opens=java.base/java.util=ALL-UNNAMED --add-opens=java.prefs/java.util.prefs=ALL-UNNAMED --add-opens=java.prefs/java.util.prefs=ALL-UNNAMED --add-opens=java.base/java.nio.charset=ALL-UNNAMED --add-opens=java.base/java.net=ALL-UNNAMED --add-opens=java.base/java.util.concurrent.atomic=ALL-UNNAMED -Xmx2048m -Dfile.encoding=UTF-8 -Duser.country=US -Duser.language=en -Duser.variant 
java_command: org.gradle.launcher.daemon.bootstrap.GradleDaemon 7.0.2
java_class_path (initial): C:\Users\ibete\.gradle\wrapper\dists\gradle-7.0.2-bin\857tjihv64xamwrf0h14cai3r\gradle-7.0.2\lib\gradle-launcher-7.0.2.jar
Launcher Type: SUN_STANDARD

[Global flags]
     intx CICompilerCount                          = 2                                         {product} {ergonomic}
     uint ConcGCThreads                            = 1                                         {product} {ergonomic}
     uint G1ConcRefinementThreads                  = 2                                         {product} {ergonomic}
   size_t G1HeapRegionSize                         = 1048576                                   {product} {ergonomic}
    uintx GCDrainStackTargetSize                   = 64                                        {product} {ergonomic}
   size_t InitialHeapSize                          = 65011712                                  {product} {ergonomic}
   size_t MarkStackSize                            = 4194304                                   {product} {ergonomic}
   size_t MaxHeapSize                              = 2147483648                                {product} {command line}
   size_t MaxNewSize                               = 1287651328                                {product} {ergonomic}
   size_t MinHeapDeltaBytes                        = 1048576                                   {product} {ergonomic}
    uintx NonNMethodCodeHeapSize                   = 5825164                                {pd product} {ergonomic}
    uintx NonProfiledCodeHeapSize                  = 122916538                              {pd product} {ergonomic}
    uintx ProfiledCodeHeapSize                     = 122916538                              {pd product} {ergonomic}
    uintx ReservedCodeCacheSize                    = 251658240                              {pd product} {ergonomic}
     bool SegmentedCodeCache                       = true                                      {product} {ergonomic}
     bool UseCompressedClassPointers               = true                                 {lp64_product} {ergonomic}
     bool UseCompressedOops                        = true                                 {lp64_product} {ergonomic}
     bool UseG1GC                                  = true                                      {product} {ergonomic}
     bool UseLargePagesIndividualAllocation        = false                                  {pd product} {ergonomic}

Logging:
Log output configuration:
 #0: stdout all=warning uptime,level,tags
 #1: stderr all=off uptime,level,tags

Environment Variables:
PATH="C:\Program Files\Common Files\Oracle\Java\javapath;c:\MingW\bin";C:\WINDOWS\system32;C:\WINDOWS;C:\WINDOWS\System32\Wbem;C:\WINDOWS\System32\WindowsPowerShell\v1.0\;C:\WINDOWS\System32\OpenSSH\;C:\Program Files\nodejs\;C:\Program Files\Git\cmd;C:\MinGW\mingw32\bin;C:\Users\ibete\AppData\Local\Microsoft\WindowsApps;";c:\MingW\bin";C:\Users\ibete\AppData\Roaming\npm
USERNAME=ibete
OS=Windows_NT
PROCESSOR_IDENTIFIER=Intel64 Family 6 Model 122 Stepping 1, GenuineIntel



---------------  S Y S T E M  ---------------

OS: Windows 10 , 64 bit Build 19041 (10.0.19041.1202)
OS uptime: 0 days 0:05 hours
Hyper-V role detected

CPU:total 2 (initial active 2) (2 cores per cpu, 1 threads per core) family 6 model 122 stepping 1 microcode 0x2e, cmov, cx8, fxsr, mmx, sse, sse2, sse3, ssse3, sse4.1, sse4.2, popcnt, aes, clmul, erms, 3dnowpref, tsc, tscinvbit, sha

Memory: 4k page, system-wide physical 3919M (425M free)
TotalPageFile size 7838M (AvailPageFile size 4307M)
current process WorkingSet (physical memory assigned to process): 528M, peak: 534M
current process commit charge ("private bytes"): 552M, peak: 558M

vm_info: OpenJDK 64-Bit Server VM (11.0.10+0-b96-7249189) for windows-amd64 JRE (11.0.10+0-b96-7249189), built on Mar 31 2021 21:44:00 by "builder" with MS VC++ 14.0 (VS2015)

END.
